2026-02-10 19:24:42,067 | INFO | ==================================================
2026-02-10 19:24:42,067 | INFO | [main_runtime] logging started
2026-02-10 19:24:42,067 | INFO | log_file=/home/user/Panbot/logs/main_runtime_20260210_192442.log
2026-02-10 19:24:42,067 | INFO | ==================================================
2026-02-10 19:24:42,067 | INFO | [CFG] loaded: /home/user/Panbot/config/runtime.yaml
2026-02-10 19:24:42,067 | INFO | [KEY] KeyWatcher started (ESC=stop, q=preview off)
2026-02-10 19:24:42,069 | INFO | [ROBOT] connect...
2026-02-10 19:24:43,512 | INFO | OpenCVCamera(2) connected.
2026-02-10 19:24:44,863 | INFO | OpenCVCamera(6) connected.
2026-02-10 19:24:46,227 | INFO | OpenCVCamera(4) connected.
2026-02-10 19:24:47,582 | INFO | OpenCVCamera(0) connected.
2026-02-10 19:24:47,628 | INFO | my_awesome_follower_arm SO101Follower connected.
2026-02-10 19:24:47,628 | INFO | [BASE_POSE] target set (6 keys)
2026-02-10 19:24:47,629 | INFO | [BASE_POSE] enabled
2026-02-10 19:24:47,629 | INFO | [VISION] open camera...
2026-02-10 19:24:48,072 | INFO | [STAGE1] start Task1 INITIAL + YOLO trigger
2026-02-10 19:24:48,072 | INFO | [BASE_POSE] target set (6 keys)
2026-02-10 19:24:48,072 | INFO | [BASE_POSE] enabled
2026-02-10 19:24:48,087 | INFO | [BASE_POSE] ramp start: duration_s=2.000
2026-02-10 19:24:48,088 | INFO | [BASE_POSE] disabled
2026-02-10 19:24:48,142 | INFO | [TASK1] INITIAL pose 1/5 -> RAMP
2026-02-10 19:24:48,142 | INFO | [TASK1] start_initial (stepper)
2026-02-10 19:24:51,145 | INFO | [TASK1] INITIAL pose 1/5 -> HOLD
2026-02-10 19:24:52,150 | INFO | [TASK1] INITIAL pose 2/5 -> RAMP
2026-02-10 19:24:53,170 | INFO | [TASK1] INITIAL pose 2/5 -> HOLD
2026-02-10 19:24:54,200 | INFO | [TASK1] INITIAL pose 3/5 -> RAMP
2026-02-10 19:24:57,241 | INFO | [TASK1] INITIAL pose 3/5 -> HOLD
2026-02-10 19:24:58,272 | INFO | [TASK1] INITIAL pose 4/5 -> RAMP
2026-02-10 19:25:01,319 | INFO | [TASK1] INITIAL pose 4/5 -> HOLD
2026-02-10 19:25:02,321 | INFO | [TASK1] INITIAL pose 5/5 -> RAMP
2026-02-10 19:25:05,330 | INFO | [TASK1] INITIAL pose 5/5 -> HOLD
2026-02-10 19:25:06,365 | INFO | [TASK1] INITIAL sequence DONE
2026-02-10 19:25:07,536 | INFO | [YOLO] TRIGGER ✅ info={'ratio': 0.3675910809643681, 'mask_area': 2094012.0, 'hit_count': 30, 'hold_frames': 30, 'triggered': True}
2026-02-10 19:25:07,537 | INFO | [TASK1] interrupt_to_return requested
2026-02-10 19:25:07,538 | INFO | [TASK1] RETURN pose 1/5 -> RAMP
2026-02-10 19:25:10,557 | INFO | [TASK1] RETURN pose 1/5 -> HOLD
2026-02-10 19:25:11,613 | INFO | [TASK1] RETURN pose 2/5 -> RAMP
2026-02-10 19:25:14,639 | INFO | [TASK1] RETURN pose 2/5 -> HOLD
2026-02-10 19:25:15,665 | INFO | [TASK1] RETURN pose 3/5 -> RAMP
2026-02-10 19:25:18,670 | INFO | [TASK1] RETURN pose 3/5 -> HOLD
2026-02-10 19:25:19,698 | INFO | [TASK1] RETURN pose 4/5 -> RAMP
2026-02-10 19:25:22,702 | INFO | [TASK1] RETURN pose 4/5 -> HOLD
2026-02-10 19:25:23,731 | INFO | [TASK1] RETURN pose 5/5 -> RAMP
2026-02-10 19:25:26,749 | INFO | [TASK1] RETURN pose 5/5 -> HOLD
2026-02-10 19:25:27,784 | INFO | [TASK1] RETURN sequence DONE
2026-02-10 19:25:27,803 | INFO | [STAGE1] Task1 RETURN done -> Stage2(GRU wait)
2026-02-10 19:25:27,805 | INFO | [BASE_POSE] ramp start: duration_s=3.000
2026-02-10 19:25:27,805 | INFO | [BASE_POSE] enabled
2026-02-10 19:25:31,008 | INFO | [BASE_POSE] ramp done -> hold target
2026-02-10 19:25:38,243 | INFO | [STOP] requested during vision stage -> safe exit
2026-02-10 19:25:38,243 | INFO | [BASE_POSE] enabled
2026-02-10 19:25:40,803 | INFO | [BASE_POSE] target set (6 keys)
2026-02-10 19:25:40,803 | INFO | [BASE_POSE] enabled
2026-02-10 19:25:41,607 | INFO | [SAFE] base pose hold sent
2026-02-10 19:25:41,607 | INFO | [KEY] KeyWatcher stopped
2026-02-10 19:25:42,215 | INFO | OpenCVCamera(2) disconnected.
2026-02-10 19:25:42,307 | INFO | OpenCVCamera(6) disconnected.
2026-02-10 19:25:42,411 | INFO | OpenCVCamera(4) disconnected.
2026-02-10 19:25:42,498 | INFO | OpenCVCamera(0) disconnected.
2026-02-10 19:25:42,499 | INFO | my_awesome_follower_arm SO101Follower disconnected.
