2026-02-10 20:13:59,671 | INFO | ==================================================
2026-02-10 20:13:59,672 | INFO | [main_runtime] logging started
2026-02-10 20:13:59,672 | INFO | log_file=/home/user/Panbot/logs/main_runtime_20260210_201359.log
2026-02-10 20:13:59,672 | INFO | ==================================================
2026-02-10 20:13:59,672 | INFO | [CFG] loaded: /home/user/Panbot/config/runtime.yaml
2026-02-10 20:13:59,672 | INFO | [KEY] KeyWatcher started (ESC=stop, q=preview off)
2026-02-10 20:13:59,674 | INFO | [ROBOT] connect...
2026-02-10 20:14:01,112 | INFO | OpenCVCamera(2) connected.
2026-02-10 20:14:02,474 | INFO | OpenCVCamera(6) connected.
2026-02-10 20:14:03,838 | INFO | OpenCVCamera(4) connected.
2026-02-10 20:14:05,202 | INFO | OpenCVCamera(0) connected.
2026-02-10 20:14:05,247 | INFO | my_awesome_follower_arm SO101Follower connected.
2026-02-10 20:14:05,247 | INFO | [BASE_POSE] target set (6 keys)
2026-02-10 20:14:05,247 | INFO | [BASE_POSE] enabled
2026-02-10 20:14:05,247 | INFO | [VISION] open camera...
2026-02-10 20:14:05,692 | INFO | [STAGE1] start Task1 INITIAL + YOLO trigger
2026-02-10 20:14:05,692 | INFO | [BASE_POSE] disabled
2026-02-10 20:14:05,701 | INFO | [TASK1] INITIAL pose 1/13 -> RAMP
2026-02-10 20:14:05,701 | INFO | [TASK1] start_initial (stepper)
2026-02-10 20:14:10,711 | INFO | [TASK1] INITIAL pose 1/13 -> HOLD
2026-02-10 20:14:10,778 | INFO | [TASK1] INITIAL pose 2/13 -> RAMP
2026-02-10 20:14:11,806 | INFO | [TASK1] INITIAL pose 2/13 -> HOLD
2026-02-10 20:14:11,867 | INFO | [TASK1] INITIAL pose 3/13 -> RAMP
2026-02-10 20:14:12,889 | INFO | [TASK1] INITIAL pose 3/13 -> HOLD
2026-02-10 20:14:12,950 | INFO | [TASK1] INITIAL pose 4/13 -> RAMP
2026-02-10 20:14:13,997 | INFO | [TASK1] INITIAL pose 4/13 -> HOLD
2026-02-10 20:14:14,069 | INFO | [TASK1] INITIAL pose 5/13 -> RAMP
2026-02-10 20:14:15,092 | INFO | [TASK1] INITIAL pose 5/13 -> HOLD
2026-02-10 20:14:15,166 | INFO | [TASK1] INITIAL pose 6/13 -> RAMP
2026-02-10 20:14:16,194 | INFO | [TASK1] INITIAL pose 6/13 -> HOLD
2026-02-10 20:14:16,256 | INFO | [TASK1] INITIAL pose 7/13 -> RAMP
2026-02-10 20:14:17,290 | INFO | [TASK1] INITIAL pose 7/13 -> HOLD
2026-02-10 20:14:17,347 | INFO | [TASK1] INITIAL pose 8/13 -> RAMP
2026-02-10 20:14:18,388 | INFO | [TASK1] INITIAL pose 8/13 -> HOLD
2026-02-10 20:14:18,455 | INFO | [TASK1] INITIAL pose 9/13 -> RAMP
2026-02-10 20:14:19,493 | INFO | [TASK1] INITIAL pose 9/13 -> HOLD
2026-02-10 20:14:19,554 | INFO | [TASK1] INITIAL pose 10/13 -> RAMP
2026-02-10 20:14:20,569 | INFO | [TASK1] INITIAL pose 10/13 -> HOLD
2026-02-10 20:14:20,640 | INFO | [TASK1] INITIAL pose 11/13 -> RAMP
2026-02-10 20:14:21,665 | INFO | [TASK1] INITIAL pose 11/13 -> HOLD
2026-02-10 20:14:21,731 | INFO | [TASK1] INITIAL pose 12/13 -> RAMP
2026-02-10 20:14:22,766 | INFO | [TASK1] INITIAL pose 12/13 -> HOLD
2026-02-10 20:14:22,831 | INFO | [TASK1] INITIAL pose 13/13 -> RAMP
2026-02-10 20:14:23,883 | INFO | [TASK1] INITIAL pose 13/13 -> HOLD
2026-02-10 20:14:23,973 | INFO | [TASK1] INITIAL sequence DONE
2026-02-10 20:14:25,505 | INFO | [YOLO] TRIGGER ✅ info={'ratio': 0.3291862837000446, 'mask_area': 1875236.0, 'hit_count': 30, 'hold_frames': 30, 'triggered': True}
2026-02-10 20:14:25,505 | INFO | [TASK1] interrupt_to_return requested
2026-02-10 20:14:25,506 | INFO | [TASK1] RETURN pose 1/13 -> RAMP
2026-02-10 20:14:26,548 | INFO | [TASK1] RETURN pose 1/13 -> HOLD
2026-02-10 20:14:26,647 | INFO | [TASK1] RETURN pose 2/13 -> RAMP
2026-02-10 20:14:26,759 | INFO | [UI] preview off (q)
2026-02-10 20:14:27,459 | INFO | [STOP] requested during vision stage -> safe exit
2026-02-10 20:14:27,460 | INFO | [BASE_POSE] enabled
2026-02-10 20:14:30,097 | INFO | [BASE_POSE] target set (6 keys)
2026-02-10 20:14:30,097 | INFO | [BASE_POSE] enabled
2026-02-10 20:14:30,900 | INFO | [SAFE] base pose hold sent
2026-02-10 20:14:30,901 | INFO | [KEY] KeyWatcher stopped
