2026-02-10 20:59:46,459 | INFO | ==================================================
2026-02-10 20:59:46,459 | INFO | [main_runtime] logging started
2026-02-10 20:59:46,459 | INFO | log_file=/home/user/Panbot/logs/main_runtime_20260210_205946.log
2026-02-10 20:59:46,459 | INFO | ==================================================
2026-02-10 20:59:46,459 | INFO | [CFG] loaded: /home/user/Panbot/config/runtime.yaml
2026-02-10 20:59:46,460 | INFO | [KEY] KeyWatcher started (ESC=stop, q=preview off)
2026-02-10 20:59:46,463 | INFO | [ROBOT] connect...
2026-02-10 20:59:47,891 | INFO | OpenCVCamera(2) connected.
2026-02-10 20:59:49,252 | INFO | OpenCVCamera(6) connected.
2026-02-10 20:59:50,603 | INFO | OpenCVCamera(4) connected.
2026-02-10 20:59:51,949 | INFO | OpenCVCamera(0) connected.
2026-02-10 20:59:51,999 | INFO | my_awesome_follower_arm SO101Follower connected.
2026-02-10 20:59:51,999 | INFO | [BASE_POSE] target set (6 keys)
2026-02-10 20:59:51,999 | INFO | [BASE_POSE] enabled
2026-02-10 20:59:52,000 | INFO | [VISION] open camera...
2026-02-10 20:59:52,422 | INFO | [STAGE1] start Task1 INITIAL + YOLO trigger
2026-02-10 20:59:52,422 | INFO | [BASE_POSE] disabled
2026-02-10 20:59:52,440 | INFO | [TASK1] INITIAL pose 1/10 -> RAMP
2026-02-10 20:59:52,440 | INFO | [TASK1] start_initial (stepper)
2026-02-10 20:59:57,453 | INFO | [TASK1] INITIAL pose 1/10 -> HOLD
2026-02-10 20:59:57,513 | INFO | [TASK1] INITIAL pose 2/10 -> RAMP
2026-02-10 20:59:58,535 | INFO | [TASK1] INITIAL pose 2/10 -> HOLD
2026-02-10 20:59:58,598 | INFO | [TASK1] INITIAL pose 3/10 -> RAMP
2026-02-10 20:59:59,636 | INFO | [TASK1] INITIAL pose 3/10 -> HOLD
2026-02-10 20:59:59,700 | INFO | [TASK1] INITIAL pose 4/10 -> RAMP
2026-02-10 21:00:00,726 | INFO | [TASK1] INITIAL pose 4/10 -> HOLD
2026-02-10 21:00:00,793 | INFO | [TASK1] INITIAL pose 5/10 -> RAMP
2026-02-10 21:00:01,829 | INFO | [TASK1] INITIAL pose 5/10 -> HOLD
2026-02-10 21:00:01,894 | INFO | [TASK1] INITIAL pose 6/10 -> RAMP
2026-02-10 21:00:02,935 | INFO | [TASK1] INITIAL pose 6/10 -> HOLD
2026-02-10 21:00:03,002 | INFO | [TASK1] INITIAL pose 7/10 -> RAMP
2026-02-10 21:00:04,046 | INFO | [TASK1] INITIAL pose 7/10 -> HOLD
2026-02-10 21:00:04,109 | INFO | [TASK1] INITIAL pose 8/10 -> RAMP
2026-02-10 21:00:05,127 | INFO | [TASK1] INITIAL pose 8/10 -> HOLD
2026-02-10 21:00:05,191 | INFO | [TASK1] INITIAL pose 9/10 -> RAMP
2026-02-10 21:00:06,203 | INFO | [TASK1] INITIAL pose 9/10 -> HOLD
2026-02-10 21:00:06,267 | INFO | [TASK1] INITIAL pose 10/10 -> RAMP
2026-02-10 21:00:07,278 | INFO | [TASK1] INITIAL pose 10/10 -> HOLD
2026-02-10 21:00:07,343 | INFO | [TASK1] INITIAL sequence DONE
2026-02-10 21:00:15,428 | INFO | [YOLO] TRIGGER ✅ info={'ratio': 0.1531920906930123, 'mask_area': 872671.0, 'hit_count': 30, 'hold_frames': 30, 'triggered': True}
2026-02-10 21:00:15,428 | INFO | [TASK1] interrupt_to_return requested
2026-02-10 21:00:15,429 | INFO | [TASK1] RETURN pose 1/11 -> RAMP
2026-02-10 21:00:16,492 | INFO | [TASK1] RETURN pose 1/11 -> HOLD
2026-02-10 21:00:16,581 | INFO | [TASK1] RETURN pose 2/11 -> RAMP
2026-02-10 21:00:17,647 | INFO | [TASK1] RETURN pose 2/11 -> HOLD
2026-02-10 21:00:17,737 | INFO | [TASK1] RETURN pose 3/11 -> RAMP
2026-02-10 21:00:20,747 | INFO | [TASK1] RETURN pose 3/11 -> HOLD
2026-02-10 21:00:20,833 | INFO | [TASK1] RETURN pose 4/11 -> RAMP
2026-02-10 21:00:21,852 | INFO | [TASK1] RETURN pose 4/11 -> HOLD
2026-02-10 21:00:21,934 | INFO | [TASK1] RETURN pose 5/11 -> RAMP
2026-02-10 21:00:22,970 | INFO | [TASK1] RETURN pose 5/11 -> HOLD
2026-02-10 21:00:23,059 | INFO | [TASK1] RETURN pose 6/11 -> RAMP
2026-02-10 21:00:24,125 | INFO | [TASK1] RETURN pose 6/11 -> HOLD
2026-02-10 21:00:24,214 | INFO | [TASK1] RETURN pose 7/11 -> RAMP
2026-02-10 21:00:25,254 | INFO | [TASK1] RETURN pose 7/11 -> HOLD
2026-02-10 21:00:25,343 | INFO | [TASK1] RETURN pose 8/11 -> RAMP
2026-02-10 21:00:26,402 | INFO | [TASK1] RETURN pose 8/11 -> HOLD
2026-02-10 21:00:26,487 | INFO | [TASK1] RETURN pose 9/11 -> RAMP
2026-02-10 21:00:27,520 | INFO | [TASK1] RETURN pose 9/11 -> HOLD
2026-02-10 21:00:27,607 | INFO | [TASK1] RETURN pose 10/11 -> RAMP
2026-02-10 21:00:28,658 | INFO | [TASK1] RETURN pose 10/11 -> HOLD
2026-02-10 21:00:28,748 | INFO | [TASK1] RETURN pose 11/11 -> RAMP
2026-02-10 21:00:29,762 | INFO | [TASK1] RETURN pose 11/11 -> HOLD
2026-02-10 21:00:29,847 | INFO | [TASK1] RETURN sequence DONE
2026-02-10 21:00:29,864 | INFO | [STAGE1] Task1 RETURN done -> Stage2(GRU wait)
2026-02-10 21:00:29,866 | INFO | [BASE_POSE] ramp start: duration_s=1.000
2026-02-10 21:00:29,866 | INFO | [BASE_POSE] enabled
2026-02-10 21:00:30,890 | INFO | [BASE_POSE] ramp done -> hold target
2026-02-10 21:00:34,918 | INFO | [STOP] requested during vision stage -> safe exit
2026-02-10 21:00:34,919 | INFO | [BASE_POSE] enabled
2026-02-10 21:00:37,481 | INFO | [BASE_POSE] target set (6 keys)
2026-02-10 21:00:37,481 | INFO | [BASE_POSE] enabled
2026-02-10 21:00:38,285 | INFO | [SAFE] base pose hold sent
2026-02-10 21:00:38,285 | INFO | [KEY] KeyWatcher stopped
2026-02-10 21:00:38,931 | INFO | OpenCVCamera(2) disconnected.
2026-02-10 21:00:39,064 | INFO | OpenCVCamera(6) disconnected.
2026-02-10 21:00:39,151 | INFO | OpenCVCamera(4) disconnected.
2026-02-10 21:00:39,243 | INFO | OpenCVCamera(0) disconnected.
2026-02-10 21:00:39,243 | INFO | my_awesome_follower_arm SO101Follower disconnected.
