2026-02-10 20:53:33,242 | INFO | ==================================================
2026-02-10 20:53:33,242 | INFO | [main_runtime] logging started
2026-02-10 20:53:33,242 | INFO | log_file=/home/user/Panbot/logs/main_runtime_20260210_205333.log
2026-02-10 20:53:33,242 | INFO | ==================================================
2026-02-10 20:53:33,242 | INFO | [CFG] loaded: /home/user/Panbot/config/runtime.yaml
2026-02-10 20:53:33,242 | INFO | [KEY] KeyWatcher started (ESC=stop, q=preview off)
2026-02-10 20:53:33,245 | INFO | [ROBOT] connect...
2026-02-10 20:53:34,687 | INFO | OpenCVCamera(2) connected.
2026-02-10 20:53:36,041 | INFO | OpenCVCamera(6) connected.
2026-02-10 20:53:37,392 | INFO | OpenCVCamera(4) connected.
2026-02-10 20:53:38,741 | INFO | OpenCVCamera(0) connected.
2026-02-10 20:53:38,786 | INFO | my_awesome_follower_arm SO101Follower connected.
2026-02-10 20:53:38,787 | INFO | [BASE_POSE] target set (6 keys)
2026-02-10 20:53:38,787 | INFO | [BASE_POSE] enabled
2026-02-10 20:53:38,787 | INFO | [VISION] open camera...
2026-02-10 20:53:39,220 | INFO | [STAGE1] start Task1 INITIAL + YOLO trigger
2026-02-10 20:53:39,220 | INFO | [BASE_POSE] disabled
2026-02-10 20:53:39,229 | INFO | [TASK1] INITIAL pose 1/10 -> RAMP
2026-02-10 20:53:39,229 | INFO | [TASK1] start_initial (stepper)
2026-02-10 20:53:44,266 | INFO | [TASK1] INITIAL pose 1/10 -> HOLD
2026-02-10 20:53:44,333 | INFO | [TASK1] INITIAL pose 2/10 -> RAMP
2026-02-10 20:53:45,382 | INFO | [TASK1] INITIAL pose 2/10 -> HOLD
2026-02-10 20:53:45,444 | INFO | [TASK1] INITIAL pose 3/10 -> RAMP
2026-02-10 20:53:46,455 | INFO | [TASK1] INITIAL pose 3/10 -> HOLD
2026-02-10 20:53:46,518 | INFO | [TASK1] INITIAL pose 4/10 -> RAMP
2026-02-10 20:53:47,531 | INFO | [TASK1] INITIAL pose 4/10 -> HOLD
2026-02-10 20:53:47,600 | INFO | [TASK1] INITIAL pose 5/10 -> RAMP
2026-02-10 20:53:48,618 | INFO | [TASK1] INITIAL pose 5/10 -> HOLD
2026-02-10 20:53:48,683 | INFO | [TASK1] INITIAL pose 6/10 -> RAMP
2026-02-10 20:53:49,704 | INFO | [TASK1] INITIAL pose 6/10 -> HOLD
2026-02-10 20:53:49,770 | INFO | [TASK1] INITIAL pose 7/10 -> RAMP
2026-02-10 20:53:50,775 | INFO | [TASK1] INITIAL pose 7/10 -> HOLD
2026-02-10 20:53:50,839 | INFO | [TASK1] INITIAL pose 8/10 -> RAMP
2026-02-10 20:53:51,873 | INFO | [TASK1] INITIAL pose 8/10 -> HOLD
2026-02-10 20:53:51,945 | INFO | [TASK1] INITIAL pose 9/10 -> RAMP
2026-02-10 20:53:52,958 | INFO | [TASK1] INITIAL pose 9/10 -> HOLD
2026-02-10 20:53:53,022 | INFO | [TASK1] INITIAL pose 10/10 -> RAMP
2026-02-10 20:53:54,024 | INFO | [TASK1] INITIAL pose 10/10 -> HOLD
2026-02-10 20:53:54,086 | INFO | [TASK1] INITIAL sequence DONE
2026-02-10 20:54:12,552 | INFO | [YOLO] TRIGGER ✅ info={'ratio': 0.17823869760452762, 'mask_area': 1015351.0, 'hit_count': 30, 'hold_frames': 30, 'triggered': True}
2026-02-10 20:54:12,553 | INFO | [TASK1] interrupt_to_return requested
2026-02-10 20:54:12,554 | INFO | [TASK1] RETURN pose 1/11 -> RAMP
2026-02-10 20:54:13,557 | INFO | [TASK1] RETURN pose 1/11 -> HOLD
2026-02-10 20:54:13,649 | INFO | [TASK1] RETURN pose 2/11 -> RAMP
2026-02-10 20:54:14,693 | INFO | [TASK1] RETURN pose 2/11 -> HOLD
2026-02-10 20:54:14,780 | INFO | [TASK1] RETURN pose 3/11 -> RAMP
2026-02-10 20:54:17,824 | INFO | [TASK1] RETURN pose 3/11 -> HOLD
2026-02-10 20:54:17,914 | INFO | [TASK1] RETURN pose 4/11 -> RAMP
2026-02-10 20:54:18,958 | INFO | [TASK1] RETURN pose 4/11 -> HOLD
2026-02-10 20:54:19,046 | INFO | [TASK1] RETURN pose 5/11 -> RAMP
2026-02-10 20:54:20,100 | INFO | [TASK1] RETURN pose 5/11 -> HOLD
2026-02-10 20:54:20,186 | INFO | [TASK1] RETURN pose 6/11 -> RAMP
2026-02-10 20:54:21,241 | INFO | [TASK1] RETURN pose 6/11 -> HOLD
2026-02-10 20:54:21,323 | INFO | [TASK1] RETURN pose 7/11 -> RAMP
2026-02-10 20:54:22,345 | INFO | [TASK1] RETURN pose 7/11 -> HOLD
2026-02-10 20:54:22,445 | INFO | [TASK1] RETURN pose 8/11 -> RAMP
2026-02-10 20:54:23,510 | INFO | [TASK1] RETURN pose 8/11 -> HOLD
2026-02-10 20:54:23,602 | INFO | [TASK1] RETURN pose 9/11 -> RAMP
2026-02-10 20:54:24,605 | INFO | [TASK1] RETURN pose 9/11 -> HOLD
2026-02-10 20:54:24,705 | INFO | [TASK1] RETURN pose 10/11 -> RAMP
2026-02-10 20:54:25,767 | INFO | [TASK1] RETURN pose 10/11 -> HOLD
2026-02-10 20:54:25,847 | INFO | [TASK1] RETURN pose 11/11 -> RAMP
2026-02-10 20:54:26,873 | INFO | [TASK1] RETURN pose 11/11 -> HOLD
2026-02-10 20:54:26,964 | INFO | [TASK1] RETURN sequence DONE
2026-02-10 20:54:26,987 | INFO | [STAGE1] Task1 RETURN done -> Stage2(GRU wait)
2026-02-10 20:54:26,991 | INFO | [BASE_POSE] ramp start: duration_s=1.000
2026-02-10 20:54:26,992 | INFO | [BASE_POSE] enabled
2026-02-10 20:54:28,005 | INFO | [BASE_POSE] ramp done -> hold target
2026-02-10 20:54:34,999 | INFO | [STOP] requested during vision stage -> safe exit
2026-02-10 20:54:34,999 | INFO | [BASE_POSE] enabled
2026-02-10 20:54:37,561 | INFO | [BASE_POSE] target set (6 keys)
2026-02-10 20:54:37,561 | INFO | [BASE_POSE] enabled
2026-02-10 20:54:38,370 | INFO | [SAFE] base pose hold sent
2026-02-10 20:54:38,370 | INFO | [KEY] KeyWatcher stopped
2026-02-10 20:54:38,963 | INFO | OpenCVCamera(2) disconnected.
2026-02-10 20:54:39,057 | INFO | OpenCVCamera(6) disconnected.
2026-02-10 20:54:39,181 | INFO | OpenCVCamera(4) disconnected.
2026-02-10 20:54:39,269 | INFO | OpenCVCamera(0) disconnected.
2026-02-10 20:54:39,269 | INFO | my_awesome_follower_arm SO101Follower disconnected.
