2026-02-10 20:07:48,984 | INFO | ==================================================
2026-02-10 20:07:48,985 | INFO | [main_runtime] logging started
2026-02-10 20:07:48,985 | INFO | log_file=/home/user/Panbot/logs/main_runtime_20260210_200748.log
2026-02-10 20:07:48,985 | INFO | ==================================================
2026-02-10 20:07:48,985 | INFO | [CFG] loaded: /home/user/Panbot/config/runtime.yaml
2026-02-10 20:07:48,985 | INFO | [KEY] KeyWatcher started (ESC=stop, q=preview off)
2026-02-10 20:07:48,987 | INFO | [ROBOT] connect...
2026-02-10 20:07:50,425 | INFO | OpenCVCamera(2) connected.
2026-02-10 20:07:51,783 | INFO | OpenCVCamera(6) connected.
2026-02-10 20:07:53,137 | INFO | OpenCVCamera(4) connected.
2026-02-10 20:07:54,502 | INFO | OpenCVCamera(0) connected.
2026-02-10 20:07:54,541 | INFO | my_awesome_follower_arm SO101Follower connected.
2026-02-10 20:07:54,542 | INFO | [BASE_POSE] target set (6 keys)
2026-02-10 20:07:54,542 | INFO | [BASE_POSE] enabled
2026-02-10 20:07:54,542 | INFO | [VISION] open camera...
2026-02-10 20:07:54,986 | INFO | [STAGE1] start Task1 INITIAL + YOLO trigger
2026-02-10 20:07:54,986 | INFO | [BASE_POSE] disabled
2026-02-10 20:07:55,002 | INFO | [TASK1] INITIAL pose 1/13 -> RAMP
2026-02-10 20:07:55,002 | INFO | [TASK1] start_initial (stepper)
2026-02-10 20:08:00,021 | INFO | [TASK1] INITIAL pose 1/13 -> HOLD
2026-02-10 20:08:00,083 | INFO | [TASK1] INITIAL pose 2/13 -> RAMP
2026-02-10 20:08:01,096 | INFO | [TASK1] INITIAL pose 2/13 -> HOLD
2026-02-10 20:08:01,155 | INFO | [TASK1] INITIAL pose 3/13 -> RAMP
2026-02-10 20:08:01,591 | INFO | [TASK1] INITIAL pose 3/13 -> HOLD
2026-02-10 20:08:01,652 | INFO | [TASK1] INITIAL pose 4/13 -> RAMP
2026-02-10 20:08:02,095 | INFO | [TASK1] INITIAL pose 4/13 -> HOLD
2026-02-10 20:08:02,159 | INFO | [TASK1] INITIAL pose 5/13 -> RAMP
2026-02-10 20:08:02,604 | INFO | [TASK1] INITIAL pose 5/13 -> HOLD
2026-02-10 20:08:02,671 | INFO | [TASK1] INITIAL pose 6/13 -> RAMP
2026-02-10 20:08:03,110 | INFO | [TASK1] INITIAL pose 6/13 -> HOLD
2026-02-10 20:08:03,174 | INFO | [TASK1] INITIAL pose 7/13 -> RAMP
2026-02-10 20:08:03,625 | INFO | [TASK1] INITIAL pose 7/13 -> HOLD
2026-02-10 20:08:03,692 | INFO | [TASK1] INITIAL pose 8/13 -> RAMP
2026-02-10 20:08:04,131 | INFO | [TASK1] INITIAL pose 8/13 -> HOLD
2026-02-10 20:08:04,196 | INFO | [TASK1] INITIAL pose 9/13 -> RAMP
2026-02-10 20:08:04,633 | INFO | [TASK1] INITIAL pose 9/13 -> HOLD
2026-02-10 20:08:04,692 | INFO | [TASK1] INITIAL pose 10/13 -> RAMP
2026-02-10 20:08:05,133 | INFO | [TASK1] INITIAL pose 10/13 -> HOLD
2026-02-10 20:08:05,197 | INFO | [TASK1] INITIAL pose 11/13 -> RAMP
2026-02-10 20:08:05,644 | INFO | [TASK1] INITIAL pose 11/13 -> HOLD
2026-02-10 20:08:05,710 | INFO | [TASK1] INITIAL pose 12/13 -> RAMP
2026-02-10 20:08:06,148 | INFO | [TASK1] INITIAL pose 12/13 -> HOLD
2026-02-10 20:08:06,216 | INFO | [TASK1] INITIAL pose 13/13 -> RAMP
2026-02-10 20:08:06,661 | INFO | [TASK1] INITIAL pose 13/13 -> HOLD
2026-02-10 20:08:06,722 | INFO | [TASK1] INITIAL sequence DONE
2026-02-10 20:08:30,966 | INFO | [STOP] requested during vision stage -> safe exit
2026-02-10 20:08:30,966 | INFO | [BASE_POSE] enabled
2026-02-10 20:08:33,531 | INFO | [BASE_POSE] target set (6 keys)
2026-02-10 20:08:33,531 | INFO | [BASE_POSE] enabled
2026-02-10 20:08:34,334 | INFO | [SAFE] base pose hold sent
2026-02-10 20:08:34,334 | INFO | [KEY] KeyWatcher stopped
2026-02-10 20:08:34,864 | INFO | OpenCVCamera(2) disconnected.
2026-02-10 20:08:34,958 | INFO | OpenCVCamera(6) disconnected.
2026-02-10 20:08:35,088 | INFO | OpenCVCamera(4) disconnected.
2026-02-10 20:08:35,190 | INFO | OpenCVCamera(0) disconnected.
2026-02-10 20:08:35,191 | INFO | my_awesome_follower_arm SO101Follower disconnected.
