2026-02-10 16:32:24,596 | INFO | ==================================================
2026-02-10 16:32:24,596 | INFO | [main_runtime] logging started
2026-02-10 16:32:24,596 | INFO | log_file=/home/user/Panbot/logs/main_runtime_20260210_163224.log
2026-02-10 16:32:24,597 | INFO | ==================================================
2026-02-10 16:32:24,597 | INFO | [CFG] loaded: /home/user/Panbot/config/runtime.yaml
2026-02-10 16:32:24,599 | INFO | [ROBOT] connect...
2026-02-10 16:32:26,027 | INFO | OpenCVCamera(2) connected.
2026-02-10 16:32:27,286 | INFO | OpenCVCamera(6) connected.
2026-02-10 16:32:28,655 | INFO | OpenCVCamera(4) connected.
2026-02-10 16:32:30,015 | INFO | OpenCVCamera(0) connected.
2026-02-10 16:32:30,072 | INFO | my_awesome_follower_arm SO101Follower connected.
2026-02-10 16:32:30,073 | INFO | [BASE_POSE] target set (6 keys)
2026-02-10 16:32:30,073 | INFO | [BASE_POSE] enabled
2026-02-10 16:32:30,073 | INFO | [VISION] open camera...
2026-02-10 16:32:30,403 | INFO | [STAGE1] start Task1 INITIAL + YOLO trigger
2026-02-10 16:32:30,403 | INFO | [BASE_POSE] disabled
2026-02-10 16:32:30,415 | INFO | [TASK1] INITIAL pose 1/5 -> RAMP
2026-02-10 16:32:30,415 | INFO | [TASK1] start_initial (stepper)
2026-02-10 16:32:33,469 | INFO | [TASK1] INITIAL pose 1/5 -> HOLD
2026-02-10 16:32:34,523 | INFO | [TASK1] INITIAL pose 2/5 -> RAMP
2026-02-10 16:32:34,791 | INFO | [YOLO] TRIGGER ✅ info={'ratio': 0.2725203543178539, 'mask_area': 1552434.0, 'hit_count': 30, 'hold_frames': 30, 'triggered': True}
2026-02-10 16:32:34,792 | INFO | [TASK1] interrupt_to_return requested
2026-02-10 16:32:34,793 | INFO | [TASK1] RETURN pose 1/5 -> RAMP
2026-02-10 16:32:37,832 | INFO | [TASK1] RETURN pose 1/5 -> HOLD
2026-02-10 16:32:38,899 | INFO | [TASK1] RETURN pose 2/5 -> RAMP
2026-02-10 16:32:39,536 | INFO | [STOP] requested before policies.
2026-02-10 16:32:40,078 | INFO | OpenCVCamera(2) disconnected.
2026-02-10 16:32:40,203 | INFO | OpenCVCamera(6) disconnected.
2026-02-10 16:32:40,341 | INFO | OpenCVCamera(4) disconnected.
2026-02-10 16:32:40,448 | INFO | OpenCVCamera(0) disconnected.
2026-02-10 16:32:40,448 | INFO | my_awesome_follower_arm SO101Follower disconnected.
