2026-02-10 20:57:03,068 | INFO | ==================================================
2026-02-10 20:57:03,068 | INFO | [main_runtime] logging started
2026-02-10 20:57:03,068 | INFO | log_file=/home/user/Panbot/logs/main_runtime_20260210_205703.log
2026-02-10 20:57:03,069 | INFO | ==================================================
2026-02-10 20:57:03,069 | INFO | [CFG] loaded: /home/user/Panbot/config/runtime.yaml
2026-02-10 20:57:03,069 | INFO | [KEY] KeyWatcher started (ESC=stop, q=preview off)
2026-02-10 20:57:03,071 | INFO | [ROBOT] connect...
2026-02-10 20:57:04,508 | INFO | OpenCVCamera(2) connected.
2026-02-10 20:57:05,875 | INFO | OpenCVCamera(6) connected.
2026-02-10 20:57:07,229 | INFO | OpenCVCamera(4) connected.
2026-02-10 20:57:08,586 | INFO | OpenCVCamera(0) connected.
2026-02-10 20:57:08,633 | INFO | my_awesome_follower_arm SO101Follower connected.
2026-02-10 20:57:08,633 | INFO | [BASE_POSE] target set (6 keys)
2026-02-10 20:57:08,633 | INFO | [BASE_POSE] enabled
2026-02-10 20:57:08,633 | INFO | [VISION] open camera...
2026-02-10 20:57:09,097 | INFO | [STAGE1] start Task1 INITIAL + YOLO trigger
2026-02-10 20:57:09,097 | INFO | [BASE_POSE] disabled
2026-02-10 20:57:09,107 | INFO | [TASK1] INITIAL pose 1/10 -> RAMP
2026-02-10 20:57:09,107 | INFO | [TASK1] start_initial (stepper)
2026-02-10 20:57:14,148 | INFO | [TASK1] INITIAL pose 1/10 -> HOLD
2026-02-10 20:57:14,215 | INFO | [TASK1] INITIAL pose 2/10 -> RAMP
2026-02-10 20:57:15,264 | INFO | [TASK1] INITIAL pose 2/10 -> HOLD
2026-02-10 20:57:15,327 | INFO | [TASK1] INITIAL pose 3/10 -> RAMP
2026-02-10 20:57:16,336 | INFO | [TASK1] INITIAL pose 3/10 -> HOLD
2026-02-10 20:57:16,398 | INFO | [TASK1] INITIAL pose 4/10 -> RAMP
2026-02-10 20:57:17,398 | INFO | [TASK1] INITIAL pose 4/10 -> HOLD
2026-02-10 20:57:17,463 | INFO | [TASK1] INITIAL pose 5/10 -> RAMP
2026-02-10 20:57:18,491 | INFO | [TASK1] INITIAL pose 5/10 -> HOLD
2026-02-10 20:57:18,566 | INFO | [TASK1] INITIAL pose 6/10 -> RAMP
2026-02-10 20:57:19,595 | INFO | [TASK1] INITIAL pose 6/10 -> HOLD
2026-02-10 20:57:19,659 | INFO | [TASK1] INITIAL pose 7/10 -> RAMP
2026-02-10 20:57:20,689 | INFO | [TASK1] INITIAL pose 7/10 -> HOLD
2026-02-10 20:57:20,760 | INFO | [TASK1] INITIAL pose 8/10 -> RAMP
2026-02-10 20:57:21,785 | INFO | [TASK1] INITIAL pose 8/10 -> HOLD
2026-02-10 20:57:21,853 | INFO | [TASK1] INITIAL pose 9/10 -> RAMP
2026-02-10 20:57:22,881 | INFO | [TASK1] INITIAL pose 9/10 -> HOLD
2026-02-10 20:57:22,951 | INFO | [TASK1] INITIAL pose 10/10 -> RAMP
2026-02-10 20:57:23,977 | INFO | [TASK1] INITIAL pose 10/10 -> HOLD
2026-02-10 20:57:24,040 | INFO | [TASK1] INITIAL sequence DONE
2026-02-10 20:57:30,715 | INFO | [YOLO] TRIGGER ✅ info={'ratio': 0.16381390237651364, 'mask_area': 933179.0, 'hit_count': 30, 'hold_frames': 30, 'triggered': True}
2026-02-10 20:57:30,715 | INFO | [TASK1] interrupt_to_return requested
2026-02-10 20:57:30,716 | INFO | [TASK1] RETURN pose 1/11 -> RAMP
2026-02-10 20:57:31,720 | INFO | [TASK1] RETURN pose 1/11 -> HOLD
2026-02-10 20:57:31,815 | INFO | [TASK1] RETURN pose 2/11 -> RAMP
2026-02-10 20:57:32,818 | INFO | [TASK1] RETURN pose 2/11 -> HOLD
2026-02-10 20:57:32,905 | INFO | [TASK1] RETURN pose 3/11 -> RAMP
2026-02-10 20:57:35,944 | INFO | [TASK1] RETURN pose 3/11 -> HOLD
2026-02-10 20:57:36,032 | INFO | [TASK1] RETURN pose 4/11 -> RAMP
2026-02-10 20:57:37,101 | INFO | [TASK1] RETURN pose 4/11 -> HOLD
2026-02-10 20:57:37,186 | INFO | [TASK1] RETURN pose 5/11 -> RAMP
2026-02-10 20:57:38,256 | INFO | [TASK1] RETURN pose 5/11 -> HOLD
2026-02-10 20:57:38,352 | INFO | [TASK1] RETURN pose 6/11 -> RAMP
2026-02-10 20:57:39,376 | INFO | [TASK1] RETURN pose 6/11 -> HOLD
2026-02-10 20:57:39,467 | INFO | [TASK1] RETURN pose 7/11 -> RAMP
2026-02-10 20:57:40,480 | INFO | [TASK1] RETURN pose 7/11 -> HOLD
2026-02-10 20:57:40,569 | INFO | [TASK1] RETURN pose 8/11 -> RAMP
2026-02-10 20:57:41,579 | INFO | [TASK1] RETURN pose 8/11 -> HOLD
2026-02-10 20:57:41,674 | INFO | [TASK1] RETURN pose 9/11 -> RAMP
2026-02-10 20:57:42,695 | INFO | [TASK1] RETURN pose 9/11 -> HOLD
2026-02-10 20:57:42,790 | INFO | [TASK1] RETURN pose 10/11 -> RAMP
2026-02-10 20:57:43,826 | INFO | [TASK1] RETURN pose 10/11 -> HOLD
2026-02-10 20:57:43,918 | INFO | [TASK1] RETURN pose 11/11 -> RAMP
2026-02-10 20:57:44,945 | INFO | [TASK1] RETURN pose 11/11 -> HOLD
2026-02-10 20:57:45,027 | INFO | [TASK1] RETURN sequence DONE
2026-02-10 20:57:45,044 | INFO | [STAGE1] Task1 RETURN done -> Stage2(GRU wait)
2026-02-10 20:57:45,046 | INFO | [BASE_POSE] ramp start: duration_s=1.000
2026-02-10 20:57:45,048 | INFO | [BASE_POSE] enabled
2026-02-10 20:57:46,081 | INFO | [BASE_POSE] ramp done -> hold target
2026-02-10 20:57:52,829 | INFO | [STOP] requested during vision stage -> safe exit
2026-02-10 20:57:52,829 | INFO | [BASE_POSE] enabled
2026-02-10 20:57:55,400 | INFO | [BASE_POSE] target set (6 keys)
2026-02-10 20:57:55,400 | INFO | [BASE_POSE] enabled
2026-02-10 20:57:56,211 | INFO | [SAFE] base pose hold sent
2026-02-10 20:57:56,211 | INFO | [KEY] KeyWatcher stopped
2026-02-10 20:57:56,777 | INFO | OpenCVCamera(2) disconnected.
2026-02-10 20:57:56,921 | INFO | OpenCVCamera(6) disconnected.
2026-02-10 20:57:57,045 | INFO | OpenCVCamera(4) disconnected.
2026-02-10 20:57:57,135 | INFO | OpenCVCamera(0) disconnected.
2026-02-10 20:57:57,135 | INFO | my_awesome_follower_arm SO101Follower disconnected.
