2026-02-10 18:03:41,449 | INFO | ==================================================
2026-02-10 18:03:41,449 | INFO | [main_runtime] logging started
2026-02-10 18:03:41,449 | INFO | log_file=/home/user/Panbot/logs/main_runtime_20260210_180341.log
2026-02-10 18:03:41,449 | INFO | ==================================================
2026-02-10 18:03:41,449 | INFO | [CFG] loaded: /home/user/Panbot/config/runtime.yaml
2026-02-10 18:03:41,450 | INFO | [KEY] KeyWatcher started (ESC=stop, q=preview off)
2026-02-10 18:03:41,452 | INFO | [ROBOT] connect...
2026-02-10 18:03:42,805 | INFO | OpenCVCamera(2) connected.
2026-02-10 18:03:44,147 | INFO | OpenCVCamera(6) connected.
2026-02-10 18:03:45,502 | INFO | OpenCVCamera(4) connected.
2026-02-10 18:03:46,862 | INFO | OpenCVCamera(0) connected.
2026-02-10 18:03:46,950 | ERROR | [FATAL] Failed to write 'Torque_Enable' on id_=6 with '1' after 1 tries. [TxRxResult] There is no status packet!
Traceback (most recent call last):
  File "/home/user/Panbot/control/main_runtime.py", line 510, in main
    robot.connect()
  File "/home/user/Panbot/src/lerobot/src/lerobot/robots/so101_follower/so101_follower.py", line 103, in connect
    self.configure()
  File "/home/user/Panbot/src/lerobot/src/lerobot/robots/so101_follower/so101_follower.py", line 150, in configure
    with self.bus.torque_disabled():
  File "/home/user/anaconda3/envs/panbot/lib/python3.10/contextlib.py", line 142, in __exit__
    next(self.gen)
  File "/home/user/Panbot/src/lerobot/src/lerobot/motors/motors_bus.py", line 597, in torque_disabled
    self.enable_torque(motors)
  File "/home/user/Panbot/src/lerobot/src/lerobot/motors/feetech/feetech.py", line 309, in enable_torque
    self.write("Torque_Enable", motor, TorqueMode.ENABLED.value, num_retry=num_retry)
  File "/home/user/Panbot/src/lerobot/src/lerobot/motors/motors_bus.py", line 1017, in write
    self._write(addr, length, id_, value, num_retry=num_retry, raise_on_error=True, err_msg=err_msg)
  File "/home/user/Panbot/src/lerobot/src/lerobot/motors/motors_bus.py", line 1041, in _write
    raise ConnectionError(f"{err_msg} {self.packet_handler.getTxRxResult(comm)}")
ConnectionError: Failed to write 'Torque_Enable' on id_=6 with '1' after 1 tries. [TxRxResult] There is no status packet!
2026-02-10 18:03:46,960 | INFO | [KEY] KeyWatcher stopped
2026-02-10 18:03:47,129 | INFO | OpenCVCamera(2) disconnected.
2026-02-10 18:03:47,214 | INFO | OpenCVCamera(6) disconnected.
2026-02-10 18:03:47,278 | INFO | OpenCVCamera(4) disconnected.
2026-02-10 18:03:47,340 | INFO | OpenCVCamera(0) disconnected.
2026-02-10 18:03:47,340 | INFO | my_awesome_follower_arm SO101Follower disconnected.
