2026-02-10 20:54:43,952 | INFO | ==================================================
2026-02-10 20:54:43,952 | INFO | [main_runtime] logging started
2026-02-10 20:54:43,952 | INFO | log_file=/home/user/Panbot/logs/main_runtime_20260210_205443.log
2026-02-10 20:54:43,952 | INFO | ==================================================
2026-02-10 20:54:43,952 | INFO | [CFG] loaded: /home/user/Panbot/config/runtime.yaml
2026-02-10 20:54:43,953 | INFO | [KEY] KeyWatcher started (ESC=stop, q=preview off)
2026-02-10 20:54:43,955 | INFO | [ROBOT] connect...
2026-02-10 20:54:45,393 | INFO | OpenCVCamera(2) connected.
2026-02-10 20:54:46,762 | INFO | OpenCVCamera(6) connected.
2026-02-10 20:54:48,116 | INFO | OpenCVCamera(4) connected.
2026-02-10 20:54:49,475 | INFO | OpenCVCamera(0) connected.
2026-02-10 20:54:49,522 | INFO | my_awesome_follower_arm SO101Follower connected.
2026-02-10 20:54:49,522 | INFO | [BASE_POSE] target set (6 keys)
2026-02-10 20:54:49,523 | INFO | [BASE_POSE] enabled
2026-02-10 20:54:49,523 | INFO | [VISION] open camera...
2026-02-10 20:54:49,948 | INFO | [STAGE1] start Task1 INITIAL + YOLO trigger
2026-02-10 20:54:49,948 | INFO | [BASE_POSE] disabled
2026-02-10 20:54:49,959 | INFO | [TASK1] INITIAL pose 1/10 -> RAMP
2026-02-10 20:54:49,959 | INFO | [TASK1] start_initial (stepper)
2026-02-10 20:54:54,964 | INFO | [TASK1] INITIAL pose 1/10 -> HOLD
2026-02-10 20:54:55,026 | INFO | [TASK1] INITIAL pose 2/10 -> RAMP
2026-02-10 20:54:56,053 | INFO | [TASK1] INITIAL pose 2/10 -> HOLD
2026-02-10 20:54:56,117 | INFO | [TASK1] INITIAL pose 3/10 -> RAMP
2026-02-10 20:54:57,138 | INFO | [TASK1] INITIAL pose 3/10 -> HOLD
2026-02-10 20:54:57,197 | INFO | [TASK1] INITIAL pose 4/10 -> RAMP
2026-02-10 20:54:58,232 | INFO | [TASK1] INITIAL pose 4/10 -> HOLD
2026-02-10 20:54:58,297 | INFO | [TASK1] INITIAL pose 5/10 -> RAMP
2026-02-10 20:54:59,312 | INFO | [TASK1] INITIAL pose 5/10 -> HOLD
2026-02-10 20:54:59,377 | INFO | [TASK1] INITIAL pose 6/10 -> RAMP
2026-02-10 20:55:00,405 | INFO | [TASK1] INITIAL pose 6/10 -> HOLD
2026-02-10 20:55:00,470 | INFO | [TASK1] INITIAL pose 7/10 -> RAMP
2026-02-10 20:55:01,491 | INFO | [TASK1] INITIAL pose 7/10 -> HOLD
2026-02-10 20:55:01,550 | INFO | [TASK1] INITIAL pose 8/10 -> RAMP
2026-02-10 20:55:02,570 | INFO | [TASK1] INITIAL pose 8/10 -> HOLD
2026-02-10 20:55:02,638 | INFO | [TASK1] INITIAL pose 9/10 -> RAMP
2026-02-10 20:55:03,647 | INFO | [TASK1] INITIAL pose 9/10 -> HOLD
2026-02-10 20:55:03,711 | INFO | [TASK1] INITIAL pose 10/10 -> RAMP
2026-02-10 20:55:04,714 | INFO | [TASK1] INITIAL pose 10/10 -> HOLD
2026-02-10 20:55:04,780 | INFO | [TASK1] INITIAL sequence DONE
2026-02-10 20:55:09,163 | INFO | [YOLO] TRIGGER ✅ info={'ratio': 0.17080774780657867, 'mask_area': 973020.0, 'hit_count': 30, 'hold_frames': 30, 'triggered': True}
2026-02-10 20:55:09,163 | INFO | [TASK1] interrupt_to_return requested
2026-02-10 20:55:09,164 | INFO | [TASK1] RETURN pose 1/11 -> RAMP
2026-02-10 20:55:10,220 | INFO | [TASK1] RETURN pose 1/11 -> HOLD
2026-02-10 20:55:10,301 | INFO | [TASK1] RETURN pose 2/11 -> RAMP
2026-02-10 20:55:11,308 | INFO | [TASK1] RETURN pose 2/11 -> HOLD
2026-02-10 20:55:11,395 | INFO | [TASK1] RETURN pose 3/11 -> RAMP
2026-02-10 20:55:14,452 | INFO | [TASK1] RETURN pose 3/11 -> HOLD
2026-02-10 20:55:14,539 | INFO | [TASK1] RETURN pose 4/11 -> RAMP
2026-02-10 20:55:15,568 | INFO | [TASK1] RETURN pose 4/11 -> HOLD
2026-02-10 20:55:15,666 | INFO | [TASK1] RETURN pose 5/11 -> RAMP
2026-02-10 20:55:16,672 | INFO | [TASK1] RETURN pose 5/11 -> HOLD
2026-02-10 20:55:16,759 | INFO | [TASK1] RETURN pose 6/11 -> RAMP
2026-02-10 20:55:17,827 | INFO | [TASK1] RETURN pose 6/11 -> HOLD
2026-02-10 20:55:17,908 | INFO | [TASK1] RETURN pose 7/11 -> RAMP
2026-02-10 20:55:18,955 | INFO | [TASK1] RETURN pose 7/11 -> HOLD
2026-02-10 20:55:19,058 | INFO | [TASK1] RETURN pose 8/11 -> RAMP
2026-02-10 20:55:20,072 | INFO | [TASK1] RETURN pose 8/11 -> HOLD
2026-02-10 20:55:20,163 | INFO | [TASK1] RETURN pose 9/11 -> RAMP
2026-02-10 20:55:21,217 | INFO | [TASK1] RETURN pose 9/11 -> HOLD
2026-02-10 20:55:21,300 | INFO | [TASK1] RETURN pose 10/11 -> RAMP
2026-02-10 20:55:22,321 | INFO | [TASK1] RETURN pose 10/11 -> HOLD
2026-02-10 20:55:22,410 | INFO | [TASK1] RETURN pose 11/11 -> RAMP
2026-02-10 20:55:23,432 | INFO | [TASK1] RETURN pose 11/11 -> HOLD
2026-02-10 20:55:23,518 | INFO | [TASK1] RETURN sequence DONE
2026-02-10 20:55:23,541 | INFO | [STAGE1] Task1 RETURN done -> Stage2(GRU wait)
2026-02-10 20:55:23,543 | INFO | [BASE_POSE] ramp start: duration_s=1.000
2026-02-10 20:55:23,543 | INFO | [BASE_POSE] enabled
2026-02-10 20:55:24,579 | INFO | [BASE_POSE] ramp done -> hold target
2026-02-10 20:55:54,976 | INFO | [STOP] requested during vision stage -> safe exit
2026-02-10 20:55:54,977 | INFO | [BASE_POSE] enabled
2026-02-10 20:55:57,610 | INFO | [BASE_POSE] target set (6 keys)
2026-02-10 20:55:57,610 | INFO | [BASE_POSE] enabled
2026-02-10 20:55:58,412 | INFO | [SAFE] base pose hold sent
2026-02-10 20:55:58,413 | INFO | [KEY] KeyWatcher stopped
2026-02-10 20:55:59,019 | INFO | OpenCVCamera(2) disconnected.
2026-02-10 20:55:59,131 | INFO | OpenCVCamera(6) disconnected.
2026-02-10 20:55:59,227 | INFO | OpenCVCamera(4) disconnected.
2026-02-10 20:55:59,328 | INFO | OpenCVCamera(0) disconnected.
2026-02-10 20:55:59,328 | INFO | my_awesome_follower_arm SO101Follower disconnected.
