2026-02-10 20:08:46,870 | INFO | ==================================================
2026-02-10 20:08:46,871 | INFO | [main_runtime] logging started
2026-02-10 20:08:46,871 | INFO | log_file=/home/user/Panbot/logs/main_runtime_20260210_200846.log
2026-02-10 20:08:46,871 | INFO | ==================================================
2026-02-10 20:08:46,871 | INFO | [CFG] loaded: /home/user/Panbot/config/runtime.yaml
2026-02-10 20:08:46,871 | INFO | [KEY] KeyWatcher started (ESC=stop, q=preview off)
2026-02-10 20:08:46,873 | INFO | [ROBOT] connect...
2026-02-10 20:08:48,326 | INFO | OpenCVCamera(2) connected.
2026-02-10 20:08:49,688 | INFO | OpenCVCamera(6) connected.
2026-02-10 20:08:51,048 | INFO | OpenCVCamera(4) connected.
2026-02-10 20:08:52,409 | INFO | OpenCVCamera(0) connected.
2026-02-10 20:08:52,457 | INFO | my_awesome_follower_arm SO101Follower connected.
2026-02-10 20:08:52,457 | INFO | [BASE_POSE] target set (6 keys)
2026-02-10 20:08:52,458 | INFO | [BASE_POSE] enabled
2026-02-10 20:08:52,458 | INFO | [VISION] open camera...
2026-02-10 20:08:52,886 | INFO | [STAGE1] start Task1 INITIAL + YOLO trigger
2026-02-10 20:08:52,886 | INFO | [BASE_POSE] disabled
2026-02-10 20:08:52,896 | INFO | [TASK1] INITIAL pose 1/13 -> RAMP
2026-02-10 20:08:52,897 | INFO | [TASK1] start_initial (stepper)
2026-02-10 20:08:57,944 | INFO | [TASK1] INITIAL pose 1/13 -> HOLD
2026-02-10 20:08:58,010 | INFO | [TASK1] INITIAL pose 2/13 -> RAMP
2026-02-10 20:08:59,014 | INFO | [TASK1] INITIAL pose 2/13 -> HOLD
2026-02-10 20:08:59,078 | INFO | [TASK1] INITIAL pose 3/13 -> RAMP
2026-02-10 20:08:59,912 | INFO | [TASK1] INITIAL pose 3/13 -> HOLD
2026-02-10 20:08:59,976 | INFO | [TASK1] INITIAL pose 4/13 -> RAMP
2026-02-10 20:09:00,812 | INFO | [TASK1] INITIAL pose 4/13 -> HOLD
2026-02-10 20:09:00,875 | INFO | [TASK1] INITIAL pose 5/13 -> RAMP
2026-02-10 20:09:01,695 | INFO | [TASK1] INITIAL pose 5/13 -> HOLD
2026-02-10 20:09:01,760 | INFO | [TASK1] INITIAL pose 6/13 -> RAMP
2026-02-10 20:09:02,587 | INFO | [TASK1] INITIAL pose 6/13 -> HOLD
2026-02-10 20:09:02,651 | INFO | [TASK1] INITIAL pose 7/13 -> RAMP
2026-02-10 20:09:03,455 | INFO | [TASK1] INITIAL pose 7/13 -> HOLD
2026-02-10 20:09:03,518 | INFO | [TASK1] INITIAL pose 8/13 -> RAMP
2026-02-10 20:09:04,324 | INFO | [TASK1] INITIAL pose 8/13 -> HOLD
2026-02-10 20:09:04,390 | INFO | [TASK1] INITIAL pose 9/13 -> RAMP
2026-02-10 20:09:05,238 | INFO | [TASK1] INITIAL pose 9/13 -> HOLD
2026-02-10 20:09:05,307 | INFO | [TASK1] INITIAL pose 10/13 -> RAMP
2026-02-10 20:09:06,115 | INFO | [TASK1] INITIAL pose 10/13 -> HOLD
2026-02-10 20:09:06,182 | INFO | [TASK1] INITIAL pose 11/13 -> RAMP
2026-02-10 20:09:06,984 | INFO | [TASK1] INITIAL pose 11/13 -> HOLD
2026-02-10 20:09:07,052 | INFO | [TASK1] INITIAL pose 12/13 -> RAMP
2026-02-10 20:09:07,906 | INFO | [TASK1] INITIAL pose 12/13 -> HOLD
2026-02-10 20:09:07,972 | INFO | [TASK1] INITIAL pose 13/13 -> RAMP
2026-02-10 20:09:08,801 | INFO | [TASK1] INITIAL pose 13/13 -> HOLD
2026-02-10 20:09:08,883 | INFO | [TASK1] INITIAL sequence DONE
2026-02-10 20:09:17,360 | INFO | [UI] preview off (q)
2026-02-10 20:09:39,125 | INFO | [YOLO] TRIGGER ✅ info={'ratio': 0.6600920201243553, 'mask_area': 3760267.0, 'hit_count': 30, 'hold_frames': 30, 'triggered': True}
2026-02-10 20:09:39,125 | INFO | [TASK1] interrupt_to_return requested
2026-02-10 20:09:39,126 | INFO | [TASK1] RETURN pose 1/13 -> RAMP
2026-02-10 20:09:39,933 | INFO | [TASK1] RETURN pose 1/13 -> HOLD
2026-02-10 20:09:40,023 | INFO | [TASK1] RETURN pose 2/13 -> RAMP
2026-02-10 20:09:40,869 | INFO | [TASK1] RETURN pose 2/13 -> HOLD
2026-02-10 20:09:40,912 | INFO | [TASK1] RETURN pose 3/13 -> RAMP
2026-02-10 20:09:41,751 | INFO | [TASK1] RETURN pose 3/13 -> HOLD
2026-02-10 20:09:41,793 | INFO | [TASK1] RETURN pose 4/13 -> RAMP
2026-02-10 20:09:42,608 | INFO | [TASK1] RETURN pose 4/13 -> HOLD
2026-02-10 20:09:42,652 | INFO | [TASK1] RETURN pose 5/13 -> RAMP
2026-02-10 20:09:43,482 | INFO | [TASK1] RETURN pose 5/13 -> HOLD
2026-02-10 20:09:43,524 | INFO | [TASK1] RETURN pose 6/13 -> RAMP
2026-02-10 20:09:44,356 | INFO | [TASK1] RETURN pose 6/13 -> HOLD
2026-02-10 20:09:44,401 | INFO | [TASK1] RETURN pose 7/13 -> RAMP
2026-02-10 20:09:45,209 | INFO | [TASK1] RETURN pose 7/13 -> HOLD
2026-02-10 20:09:45,252 | INFO | [TASK1] RETURN pose 8/13 -> RAMP
2026-02-10 20:09:46,062 | INFO | [TASK1] RETURN pose 8/13 -> HOLD
2026-02-10 20:09:46,107 | INFO | [TASK1] RETURN pose 9/13 -> RAMP
2026-02-10 20:09:46,951 | INFO | [TASK1] RETURN pose 9/13 -> HOLD
2026-02-10 20:09:46,995 | INFO | [TASK1] RETURN pose 10/13 -> RAMP
2026-02-10 20:09:47,836 | INFO | [TASK1] RETURN pose 10/13 -> HOLD
2026-02-10 20:09:47,879 | INFO | [TASK1] RETURN pose 11/13 -> RAMP
2026-02-10 20:09:48,684 | INFO | [TASK1] RETURN pose 11/13 -> HOLD
2026-02-10 20:09:48,727 | INFO | [TASK1] RETURN pose 12/13 -> RAMP
2026-02-10 20:09:49,532 | INFO | [TASK1] RETURN pose 12/13 -> HOLD
2026-02-10 20:09:49,575 | INFO | [TASK1] RETURN pose 13/13 -> RAMP
2026-02-10 20:09:50,389 | INFO | [TASK1] RETURN pose 13/13 -> HOLD
2026-02-10 20:09:50,430 | INFO | [TASK1] RETURN sequence DONE
2026-02-10 20:09:50,430 | INFO | [STAGE1] Task1 RETURN done -> Stage2(GRU wait)
2026-02-10 20:09:50,432 | INFO | [BASE_POSE] ramp start: duration_s=3.000
2026-02-10 20:09:50,432 | INFO | [BASE_POSE] enabled
2026-02-10 20:09:53,689 | INFO | [BASE_POSE] ramp done -> hold target
2026-02-10 20:12:26,403 | INFO | [STOP] requested during vision stage -> safe exit
2026-02-10 20:12:26,403 | INFO | [BASE_POSE] enabled
2026-02-10 20:12:29,042 | INFO | [BASE_POSE] target set (6 keys)
2026-02-10 20:12:29,042 | INFO | [BASE_POSE] enabled
2026-02-10 20:12:29,818 | INFO | [SIGNAL] received signum=2 -> stopping...
2026-02-10 20:12:29,843 | INFO | [SAFE] base pose hold sent
2026-02-10 20:12:29,844 | INFO | [KEY] KeyWatcher stopped
2026-02-10 20:12:30,260 | INFO | [SIGNAL] received signum=2 -> stopping...
2026-02-10 20:12:30,398 | INFO | OpenCVCamera(2) disconnected.
2026-02-10 20:12:30,496 | INFO | OpenCVCamera(6) disconnected.
2026-02-10 20:12:30,590 | INFO | OpenCVCamera(4) disconnected.
2026-02-10 20:12:30,693 | INFO | OpenCVCamera(0) disconnected.
2026-02-10 20:12:30,693 | INFO | my_awesome_follower_arm SO101Follower disconnected.
