2026-02-10 16:34:23,342 | INFO | ==================================================
2026-02-10 16:34:23,343 | INFO | [main_runtime] logging started
2026-02-10 16:34:23,343 | INFO | log_file=/home/user/Panbot/logs/main_runtime_20260210_163423.log
2026-02-10 16:34:23,343 | INFO | ==================================================
2026-02-10 16:34:23,343 | INFO | [CFG] loaded: /home/user/Panbot/config/runtime.yaml
2026-02-10 16:34:23,344 | INFO | [ROBOT] connect...
2026-02-10 16:34:24,768 | INFO | OpenCVCamera(2) connected.
2026-02-10 16:34:26,119 | INFO | OpenCVCamera(6) connected.
2026-02-10 16:34:27,476 | INFO | OpenCVCamera(4) connected.
2026-02-10 16:34:28,834 | INFO | OpenCVCamera(0) connected.
2026-02-10 16:34:28,881 | INFO | my_awesome_follower_arm SO101Follower connected.
2026-02-10 16:34:28,881 | INFO | [BASE_POSE] target set (6 keys)
2026-02-10 16:34:28,889 | INFO | [BASE_POSE] enabled
2026-02-10 16:34:28,889 | INFO | [VISION] open camera...
2026-02-10 16:34:29,244 | INFO | [STAGE1] start Task1 INITIAL + YOLO trigger
2026-02-10 16:34:29,244 | INFO | [BASE_POSE] disabled
2026-02-10 16:34:29,255 | INFO | [TASK1] INITIAL pose 1/5 -> RAMP
2026-02-10 16:34:29,255 | INFO | [TASK1] start_initial (stepper)
2026-02-10 16:34:32,290 | INFO | [TASK1] INITIAL pose 1/5 -> HOLD
2026-02-10 16:34:33,357 | INFO | [TASK1] INITIAL pose 2/5 -> RAMP
2026-02-10 16:34:33,730 | INFO | [YOLO] TRIGGER ✅ info={'ratio': 0.2722199986658662, 'mask_area': 1550723.0, 'hit_count': 30, 'hold_frames': 30, 'triggered': True}
2026-02-10 16:34:33,730 | INFO | [TASK1] interrupt_to_return requested
2026-02-10 16:34:33,731 | INFO | [TASK1] RETURN pose 1/5 -> RAMP
2026-02-10 16:34:36,796 | INFO | [TASK1] RETURN pose 1/5 -> HOLD
2026-02-10 16:34:37,814 | INFO | [TASK1] RETURN pose 2/5 -> RAMP
2026-02-10 16:34:40,853 | INFO | [TASK1] RETURN pose 2/5 -> HOLD
2026-02-10 16:34:41,882 | INFO | [TASK1] RETURN pose 3/5 -> RAMP
2026-02-10 16:34:44,892 | INFO | [TASK1] RETURN pose 3/5 -> HOLD
2026-02-10 16:34:45,934 | INFO | [TASK1] RETURN pose 4/5 -> RAMP
2026-02-10 16:34:49,015 | INFO | [TASK1] RETURN pose 4/5 -> HOLD
2026-02-10 16:34:49,917 | INFO | [STOP] requested before policies.
2026-02-10 16:34:50,462 | INFO | OpenCVCamera(2) disconnected.
2026-02-10 16:34:50,551 | INFO | OpenCVCamera(6) disconnected.
2026-02-10 16:34:50,648 | INFO | OpenCVCamera(4) disconnected.
2026-02-10 16:34:50,744 | INFO | OpenCVCamera(0) disconnected.
2026-02-10 16:34:50,744 | INFO | my_awesome_follower_arm SO101Follower disconnected.
