2026-02-10 19:17:52,056 | INFO | ==================================================
2026-02-10 19:17:52,056 | INFO | [main_runtime] logging started
2026-02-10 19:17:52,056 | INFO | log_file=/home/user/Panbot/logs/main_runtime_20260210_191752.log
2026-02-10 19:17:52,056 | INFO | ==================================================
2026-02-10 19:17:52,056 | INFO | [CFG] loaded: /home/user/Panbot/config/runtime.yaml
2026-02-10 19:17:52,057 | INFO | [KEY] KeyWatcher started (ESC=stop, q=preview off)
2026-02-10 19:17:52,059 | INFO | [ROBOT] connect...
2026-02-10 19:17:53,507 | INFO | OpenCVCamera(2) connected.
2026-02-10 19:17:54,860 | INFO | OpenCVCamera(6) connected.
2026-02-10 19:17:56,213 | INFO | OpenCVCamera(4) connected.
2026-02-10 19:17:57,564 | INFO | OpenCVCamera(0) connected.
2026-02-10 19:17:57,613 | INFO | my_awesome_follower_arm SO101Follower connected.
2026-02-10 19:17:57,613 | INFO | [BASE_POSE] target set (6 keys)
2026-02-10 19:17:57,613 | INFO | [BASE_POSE] enabled
2026-02-10 19:17:57,613 | INFO | [VISION] open camera...
2026-02-10 19:17:58,064 | INFO | [STAGE1] start Task1 INITIAL + YOLO trigger
2026-02-10 19:17:58,064 | INFO | [BASE_POSE] disabled
2026-02-10 19:17:58,074 | INFO | [TASK1] INITIAL pose 1/5 -> RAMP
2026-02-10 19:17:58,074 | INFO | [TASK1] start_initial (stepper)
2026-02-10 19:18:01,079 | INFO | [TASK1] INITIAL pose 1/5 -> HOLD
2026-02-10 19:18:02,105 | INFO | [TASK1] INITIAL pose 2/5 -> RAMP
2026-02-10 19:18:05,122 | INFO | [TASK1] INITIAL pose 2/5 -> HOLD
2026-02-10 19:18:06,143 | INFO | [TASK1] INITIAL pose 3/5 -> RAMP
2026-02-10 19:18:09,160 | INFO | [TASK1] INITIAL pose 3/5 -> HOLD
2026-02-10 19:18:10,174 | INFO | [TASK1] INITIAL pose 4/5 -> RAMP
2026-02-10 19:18:13,181 | INFO | [TASK1] INITIAL pose 4/5 -> HOLD
2026-02-10 19:18:13,264 | INFO | [STOP] requested during vision stage -> safe exit
2026-02-10 19:18:13,264 | INFO | [BASE_POSE] enabled
2026-02-10 19:18:15,829 | INFO | [BASE_POSE] target set (6 keys)
2026-02-10 19:18:15,829 | INFO | [BASE_POSE] enabled
2026-02-10 19:18:16,632 | INFO | [SAFE] base pose hold sent
2026-02-10 19:18:16,632 | INFO | [KEY] KeyWatcher stopped
2026-02-10 19:18:17,171 | INFO | OpenCVCamera(2) disconnected.
2026-02-10 19:18:17,272 | INFO | OpenCVCamera(6) disconnected.
2026-02-10 19:18:17,361 | INFO | OpenCVCamera(4) disconnected.
2026-02-10 19:18:17,450 | INFO | OpenCVCamera(0) disconnected.
2026-02-10 19:18:17,450 | INFO | my_awesome_follower_arm SO101Follower disconnected.
