2026-02-10 20:43:14,660 | INFO | ==================================================
2026-02-10 20:43:14,661 | INFO | [main_runtime] logging started
2026-02-10 20:43:14,661 | INFO | log_file=/home/user/Panbot/logs/main_runtime_20260210_204314.log
2026-02-10 20:43:14,661 | INFO | ==================================================
2026-02-10 20:43:14,661 | INFO | [CFG] loaded: /home/user/Panbot/config/runtime.yaml
2026-02-10 20:43:14,661 | INFO | [KEY] KeyWatcher started (ESC=stop, q=preview off)
2026-02-10 20:43:14,663 | INFO | [ROBOT] connect...
2026-02-10 20:43:16,096 | INFO | OpenCVCamera(2) connected.
2026-02-10 20:43:17,459 | INFO | OpenCVCamera(6) connected.
2026-02-10 20:43:18,824 | INFO | OpenCVCamera(4) connected.
2026-02-10 20:43:20,187 | INFO | OpenCVCamera(0) connected.
2026-02-10 20:43:20,233 | INFO | my_awesome_follower_arm SO101Follower connected.
2026-02-10 20:43:20,233 | INFO | [BASE_POSE] target set (6 keys)
2026-02-10 20:43:20,234 | INFO | [BASE_POSE] enabled
2026-02-10 20:43:20,234 | INFO | [VISION] open camera...
2026-02-10 20:43:20,682 | INFO | [STAGE1] start Task1 INITIAL + YOLO trigger
2026-02-10 20:43:20,682 | INFO | [BASE_POSE] disabled
2026-02-10 20:43:20,692 | INFO | [TASK1] INITIAL pose 1/10 -> RAMP
2026-02-10 20:43:20,692 | INFO | [TASK1] start_initial (stepper)
2026-02-10 20:43:25,693 | INFO | [TASK1] INITIAL pose 1/10 -> HOLD
2026-02-10 20:43:25,757 | INFO | [TASK1] INITIAL pose 2/10 -> RAMP
2026-02-10 20:43:26,782 | INFO | [TASK1] INITIAL pose 2/10 -> HOLD
2026-02-10 20:43:26,848 | INFO | [TASK1] INITIAL pose 3/10 -> RAMP
2026-02-10 20:43:27,877 | INFO | [TASK1] INITIAL pose 3/10 -> HOLD
2026-02-10 20:43:27,945 | INFO | [TASK1] INITIAL pose 4/10 -> RAMP
2026-02-10 20:43:28,958 | INFO | [TASK1] INITIAL pose 4/10 -> HOLD
2026-02-10 20:43:29,029 | INFO | [TASK1] INITIAL pose 5/10 -> RAMP
2026-02-10 20:43:30,047 | INFO | [TASK1] INITIAL pose 5/10 -> HOLD
2026-02-10 20:43:30,107 | INFO | [TASK1] INITIAL pose 6/10 -> RAMP
2026-02-10 20:43:31,115 | INFO | [TASK1] INITIAL pose 6/10 -> HOLD
2026-02-10 20:43:31,183 | INFO | [TASK1] INITIAL pose 7/10 -> RAMP
2026-02-10 20:43:32,197 | INFO | [TASK1] INITIAL pose 7/10 -> HOLD
2026-02-10 20:43:32,258 | INFO | [TASK1] INITIAL pose 8/10 -> RAMP
2026-02-10 20:43:33,273 | INFO | [TASK1] INITIAL pose 8/10 -> HOLD
2026-02-10 20:43:33,344 | INFO | [TASK1] INITIAL pose 9/10 -> RAMP
2026-02-10 20:43:34,362 | INFO | [TASK1] INITIAL pose 9/10 -> HOLD
2026-02-10 20:43:34,427 | INFO | [TASK1] INITIAL pose 10/10 -> RAMP
2026-02-10 20:43:35,437 | INFO | [TASK1] INITIAL pose 10/10 -> HOLD
2026-02-10 20:43:35,497 | INFO | [TASK1] INITIAL sequence DONE
2026-02-10 20:43:59,152 | INFO | [YOLO] TRIGGER ✅ info={'ratio': 0.12866456716134944, 'mask_area': 732948.0, 'hit_count': 30, 'hold_frames': 30, 'triggered': True}
2026-02-10 20:43:59,152 | INFO | [TASK1] interrupt_to_return requested
2026-02-10 20:43:59,153 | INFO | [TASK1] RETURN pose 1/10 -> RAMP
2026-02-10 20:44:00,209 | INFO | [TASK1] RETURN pose 1/10 -> HOLD
2026-02-10 20:44:00,298 | INFO | [TASK1] RETURN pose 2/10 -> RAMP
2026-02-10 20:44:03,333 | INFO | [TASK1] RETURN pose 2/10 -> HOLD
2026-02-10 20:44:03,422 | INFO | [TASK1] RETURN pose 3/10 -> RAMP
2026-02-10 20:44:04,477 | INFO | [TASK1] RETURN pose 3/10 -> HOLD
2026-02-10 20:44:04,571 | INFO | [TASK1] RETURN pose 4/10 -> RAMP
2026-02-10 20:44:05,631 | INFO | [TASK1] RETURN pose 4/10 -> HOLD
2026-02-10 20:44:05,722 | INFO | [TASK1] RETURN pose 5/10 -> RAMP
2026-02-10 20:44:06,724 | INFO | [TASK1] RETURN pose 5/10 -> HOLD
2026-02-10 20:44:06,820 | INFO | [TASK1] RETURN pose 6/10 -> RAMP
2026-02-10 20:44:07,878 | INFO | [TASK1] RETURN pose 6/10 -> HOLD
2026-02-10 20:44:07,971 | INFO | [TASK1] RETURN pose 7/10 -> RAMP
2026-02-10 20:44:09,000 | INFO | [TASK1] RETURN pose 7/10 -> HOLD
2026-02-10 20:44:09,091 | INFO | [TASK1] RETURN pose 8/10 -> RAMP
2026-02-10 20:44:10,154 | INFO | [TASK1] RETURN pose 8/10 -> HOLD
2026-02-10 20:44:10,245 | INFO | [TASK1] RETURN pose 9/10 -> RAMP
2026-02-10 20:44:11,297 | INFO | [TASK1] RETURN pose 9/10 -> HOLD
2026-02-10 20:44:11,392 | INFO | [TASK1] RETURN pose 10/10 -> RAMP
2026-02-10 20:44:12,447 | INFO | [TASK1] RETURN pose 10/10 -> HOLD
2026-02-10 20:44:12,529 | INFO | [TASK1] RETURN sequence DONE
2026-02-10 20:44:12,546 | INFO | [STAGE1] Task1 RETURN done -> Stage2(GRU wait)
2026-02-10 20:44:12,548 | INFO | [BASE_POSE] ramp start: duration_s=1.000
2026-02-10 20:44:12,548 | INFO | [BASE_POSE] enabled
2026-02-10 20:44:13,600 | INFO | [BASE_POSE] ramp done -> hold target
2026-02-10 20:46:30,030 | INFO | [GRU] TRIGGER ✅ info={'pred_label': 'ready', 'shown_label': 'ready', 'conf': 0.400809109210968, 'ready_streak': 3, 'ready_hold': 3, 'buffer': 91, 'buffer_need': 91, 'triggered': True}
2026-02-10 20:46:30,344 | INFO | [STAGE3] run policy1 repo=ispaik06/act_panbot_task2_3 duration=60.0s
2026-02-10 20:46:30,345 | INFO | [BASE_POSE] disabled
2026-02-10 20:46:30,345 | INFO | [POLICY] load pretrained repo_id=ispaik06/act_panbot_task2_3
2026-02-10 20:46:31,742 | INFO | [POLICY] start fps=30 duration_s=60.0 use_amp=True task=None
2026-02-10 20:47:31,788 | INFO | [POLICY] done (steps=1774)
2026-02-10 20:47:31,789 | INFO | [BASE_POSE] enabled
2026-02-10 20:47:32,863 | INFO | [BASE_POSE] target set (6 keys)
2026-02-10 20:47:32,864 | INFO | [BASE_POSE] enabled
2026-02-10 20:47:33,670 | INFO | [SAFE] base pose hold sent
2026-02-10 20:47:33,670 | INFO | [WAIT] 30.0s at base pose...
2026-02-10 20:47:35,965 | INFO | [STOP] requested during wait -> safe exit
2026-02-10 20:47:35,965 | INFO | [BASE_POSE] enabled
2026-02-10 20:47:38,586 | INFO | [BASE_POSE] target set (6 keys)
2026-02-10 20:47:38,586 | INFO | [BASE_POSE] enabled
2026-02-10 20:47:39,390 | INFO | [SAFE] base pose hold sent
2026-02-10 20:47:39,390 | INFO | [KEY] KeyWatcher stopped
2026-02-10 20:47:39,568 | INFO | OpenCVCamera(2) disconnected.
2026-02-10 20:47:39,696 | INFO | OpenCVCamera(6) disconnected.
2026-02-10 20:47:39,828 | INFO | OpenCVCamera(4) disconnected.
2026-02-10 20:47:39,933 | INFO | OpenCVCamera(0) disconnected.
2026-02-10 20:47:39,934 | INFO | my_awesome_follower_arm SO101Follower disconnected.
