2026-02-10 20:12:37,707 | INFO | ==================================================
2026-02-10 20:12:37,707 | INFO | [main_runtime] logging started
2026-02-10 20:12:37,707 | INFO | log_file=/home/user/Panbot/logs/main_runtime_20260210_201237.log
2026-02-10 20:12:37,707 | INFO | ==================================================
2026-02-10 20:12:37,707 | INFO | [CFG] loaded: /home/user/Panbot/config/runtime.yaml
2026-02-10 20:12:37,708 | INFO | [KEY] KeyWatcher started (ESC=stop, q=preview off)
2026-02-10 20:12:37,709 | INFO | [ROBOT] connect...
2026-02-10 20:12:39,131 | INFO | OpenCVCamera(2) connected.
2026-02-10 20:12:40,496 | INFO | OpenCVCamera(6) connected.
2026-02-10 20:12:41,856 | INFO | OpenCVCamera(4) connected.
2026-02-10 20:12:43,215 | INFO | OpenCVCamera(0) connected.
2026-02-10 20:12:43,261 | INFO | my_awesome_follower_arm SO101Follower connected.
2026-02-10 20:12:43,261 | INFO | [BASE_POSE] target set (6 keys)
2026-02-10 20:12:43,262 | INFO | [BASE_POSE] enabled
2026-02-10 20:12:43,262 | INFO | [VISION] open camera...
2026-02-10 20:12:43,689 | INFO | [STAGE1] start Task1 INITIAL + YOLO trigger
2026-02-10 20:12:43,689 | INFO | [BASE_POSE] disabled
2026-02-10 20:12:43,698 | INFO | [TASK1] INITIAL pose 1/13 -> RAMP
2026-02-10 20:12:43,698 | INFO | [TASK1] start_initial (stepper)
2026-02-10 20:12:48,737 | INFO | [TASK1] INITIAL pose 1/13 -> HOLD
2026-02-10 20:12:48,804 | INFO | [TASK1] INITIAL pose 2/13 -> RAMP
2026-02-10 20:12:49,831 | INFO | [TASK1] INITIAL pose 2/13 -> HOLD
2026-02-10 20:12:49,904 | INFO | [TASK1] INITIAL pose 3/13 -> RAMP
2026-02-10 20:12:50,910 | INFO | [TASK1] INITIAL pose 3/13 -> HOLD
2026-02-10 20:12:50,978 | INFO | [TASK1] INITIAL pose 4/13 -> RAMP
2026-02-10 20:12:52,013 | INFO | [TASK1] INITIAL pose 4/13 -> HOLD
2026-02-10 20:12:52,077 | INFO | [TASK1] INITIAL pose 5/13 -> RAMP
2026-02-10 20:12:53,098 | INFO | [TASK1] INITIAL pose 5/13 -> HOLD
2026-02-10 20:12:53,159 | INFO | [TASK1] INITIAL pose 6/13 -> RAMP
2026-02-10 20:12:54,214 | INFO | [TASK1] INITIAL pose 6/13 -> HOLD
2026-02-10 20:12:54,277 | INFO | [TASK1] INITIAL pose 7/13 -> RAMP
2026-02-10 20:12:55,305 | INFO | [TASK1] INITIAL pose 7/13 -> HOLD
2026-02-10 20:12:55,376 | INFO | [TASK1] INITIAL pose 8/13 -> RAMP
2026-02-10 20:12:56,386 | INFO | [TASK1] INITIAL pose 8/13 -> HOLD
2026-02-10 20:12:56,447 | INFO | [TASK1] INITIAL pose 9/13 -> RAMP
2026-02-10 20:12:57,470 | INFO | [TASK1] INITIAL pose 9/13 -> HOLD
2026-02-10 20:12:57,540 | INFO | [TASK1] INITIAL pose 10/13 -> RAMP
2026-02-10 20:12:58,596 | INFO | [TASK1] INITIAL pose 10/13 -> HOLD
2026-02-10 20:12:58,671 | INFO | [TASK1] INITIAL pose 11/13 -> RAMP
2026-02-10 20:12:59,689 | INFO | [TASK1] INITIAL pose 11/13 -> HOLD
2026-02-10 20:12:59,747 | INFO | [TASK1] INITIAL pose 12/13 -> RAMP
2026-02-10 20:13:00,785 | INFO | [TASK1] INITIAL pose 12/13 -> HOLD
2026-02-10 20:13:00,854 | INFO | [TASK1] INITIAL pose 13/13 -> RAMP
2026-02-10 20:13:01,882 | INFO | [TASK1] INITIAL pose 13/13 -> HOLD
2026-02-10 20:13:01,968 | INFO | [TASK1] INITIAL sequence DONE
2026-02-10 20:13:17,647 | INFO | [YOLO] TRIGGER ✅ info={'ratio': 0.6894643803826155, 'mask_area': 3927589.0, 'hit_count': 30, 'hold_frames': 30, 'triggered': True}
2026-02-10 20:13:17,647 | INFO | [TASK1] interrupt_to_return requested
2026-02-10 20:13:17,648 | INFO | [TASK1] RETURN pose 1/13 -> RAMP
2026-02-10 20:13:18,720 | INFO | [TASK1] RETURN pose 1/13 -> HOLD
2026-02-10 20:13:18,827 | INFO | [TASK1] RETURN pose 2/13 -> RAMP
2026-02-10 20:13:19,847 | INFO | [TASK1] RETURN pose 2/13 -> HOLD
2026-02-10 20:13:19,932 | INFO | [TASK1] RETURN pose 3/13 -> RAMP
2026-02-10 20:13:20,935 | INFO | [TASK1] RETURN pose 3/13 -> HOLD
2026-02-10 20:13:21,008 | INFO | [TASK1] RETURN pose 4/13 -> RAMP
2026-02-10 20:13:22,010 | INFO | [TASK1] RETURN pose 4/13 -> HOLD
2026-02-10 20:13:22,074 | INFO | [TASK1] RETURN pose 5/13 -> RAMP
2026-02-10 20:13:23,121 | INFO | [TASK1] RETURN pose 5/13 -> HOLD
2026-02-10 20:13:23,193 | INFO | [TASK1] RETURN pose 6/13 -> RAMP
2026-02-10 20:13:24,240 | INFO | [TASK1] RETURN pose 6/13 -> HOLD
2026-02-10 20:13:24,306 | INFO | [TASK1] RETURN pose 7/13 -> RAMP
2026-02-10 20:13:25,326 | INFO | [TASK1] RETURN pose 7/13 -> HOLD
2026-02-10 20:13:25,389 | INFO | [TASK1] RETURN pose 8/13 -> RAMP
2026-02-10 20:13:26,420 | INFO | [TASK1] RETURN pose 8/13 -> HOLD
2026-02-10 20:13:26,485 | INFO | [TASK1] RETURN pose 9/13 -> RAMP
2026-02-10 20:13:27,535 | INFO | [TASK1] RETURN pose 9/13 -> HOLD
2026-02-10 20:13:27,605 | INFO | [TASK1] RETURN pose 10/13 -> RAMP
2026-02-10 20:13:28,627 | INFO | [TASK1] RETURN pose 10/13 -> HOLD
2026-02-10 20:13:28,698 | INFO | [TASK1] RETURN pose 11/13 -> RAMP
2026-02-10 20:13:29,719 | INFO | [TASK1] RETURN pose 11/13 -> HOLD
2026-02-10 20:13:29,790 | INFO | [TASK1] RETURN pose 12/13 -> RAMP
2026-02-10 20:13:30,821 | INFO | [TASK1] RETURN pose 12/13 -> HOLD
2026-02-10 20:13:30,886 | INFO | [TASK1] RETURN pose 13/13 -> RAMP
2026-02-10 20:13:31,921 | INFO | [TASK1] RETURN pose 13/13 -> HOLD
2026-02-10 20:13:31,979 | INFO | [TASK1] RETURN sequence DONE
2026-02-10 20:13:32,003 | INFO | [STAGE1] Task1 RETURN done -> Stage2(GRU wait)
2026-02-10 20:13:32,004 | INFO | [BASE_POSE] ramp start: duration_s=1.000
2026-02-10 20:13:32,005 | INFO | [BASE_POSE] enabled
2026-02-10 20:13:33,017 | INFO | [BASE_POSE] ramp done -> hold target
2026-02-10 20:13:47,599 | INFO | [STOP] requested during vision stage -> safe exit
2026-02-10 20:13:47,599 | INFO | [BASE_POSE] enabled
2026-02-10 20:13:50,234 | INFO | [BASE_POSE] target set (6 keys)
2026-02-10 20:13:50,234 | INFO | [BASE_POSE] enabled
2026-02-10 20:13:51,041 | INFO | [SAFE] base pose hold sent
2026-02-10 20:13:51,041 | INFO | [KEY] KeyWatcher stopped
2026-02-10 20:13:51,596 | INFO | OpenCVCamera(2) disconnected.
2026-02-10 20:13:51,707 | INFO | OpenCVCamera(6) disconnected.
2026-02-10 20:13:51,806 | INFO | OpenCVCamera(4) disconnected.
2026-02-10 20:13:51,906 | INFO | OpenCVCamera(0) disconnected.
2026-02-10 20:13:51,906 | INFO | my_awesome_follower_arm SO101Follower disconnected.
