2026-02-10 20:48:28,794 | INFO | ==================================================
2026-02-10 20:48:28,794 | INFO | [main_runtime] logging started
2026-02-10 20:48:28,794 | INFO | log_file=/home/user/Panbot/logs/main_runtime_20260210_204828.log
2026-02-10 20:48:28,795 | INFO | ==================================================
2026-02-10 20:48:28,795 | INFO | [CFG] loaded: /home/user/Panbot/config/runtime.yaml
2026-02-10 20:48:28,795 | INFO | [KEY] KeyWatcher started (ESC=stop, q=preview off)
2026-02-10 20:48:28,798 | INFO | [ROBOT] connect...
2026-02-10 20:48:30,255 | INFO | OpenCVCamera(2) connected.
2026-02-10 20:48:31,609 | INFO | OpenCVCamera(6) connected.
2026-02-10 20:48:32,956 | INFO | OpenCVCamera(4) connected.
2026-02-10 20:48:34,313 | INFO | OpenCVCamera(0) connected.
2026-02-10 20:48:34,354 | INFO | my_awesome_follower_arm SO101Follower connected.
2026-02-10 20:48:34,354 | INFO | [BASE_POSE] target set (6 keys)
2026-02-10 20:48:34,355 | INFO | [BASE_POSE] enabled
2026-02-10 20:48:34,355 | INFO | [VISION] open camera...
2026-02-10 20:48:34,788 | ERROR | [FATAL] return_sequence must have 10 poses
Traceback (most recent call last):
  File "/home/user/Panbot/control/main_runtime.py", line 600, in main
    task1 = Task1MotionStepper(robot, t1cfg, action_features=action_features)
  File "/home/user/Panbot/tasks/task1_motion.py", line 163, in __init__
    self._validate_sequences()
  File "/home/user/Panbot/tasks/task1_motion.py", line 249, in _validate_sequences
    raise ValueError(f"return_sequence must have {self.cfg.return_sequence_len} poses")
ValueError: return_sequence must have 10 poses
2026-02-10 20:48:37,432 | INFO | [BASE_POSE] target set (6 keys)
2026-02-10 20:48:37,433 | INFO | [BASE_POSE] enabled
2026-02-10 20:48:38,237 | INFO | [SAFE] base pose hold sent
2026-02-10 20:48:38,238 | INFO | [KEY] KeyWatcher stopped
2026-02-10 20:48:38,399 | INFO | OpenCVCamera(2) disconnected.
2026-02-10 20:48:38,490 | INFO | OpenCVCamera(6) disconnected.
2026-02-10 20:48:38,579 | INFO | OpenCVCamera(4) disconnected.
2026-02-10 20:48:38,675 | INFO | OpenCVCamera(0) disconnected.
2026-02-10 20:48:38,675 | INFO | my_awesome_follower_arm SO101Follower disconnected.
