2026-02-10 20:19:44,517 | INFO | ==================================================
2026-02-10 20:19:44,517 | INFO | [main_runtime] logging started
2026-02-10 20:19:44,517 | INFO | log_file=/home/user/Panbot/logs/main_runtime_20260210_201944.log
2026-02-10 20:19:44,517 | INFO | ==================================================
2026-02-10 20:19:44,517 | INFO | [CFG] loaded: /home/user/Panbot/config/runtime.yaml
2026-02-10 20:19:44,518 | INFO | [KEY] KeyWatcher started (ESC=stop, q=preview off)
2026-02-10 20:19:44,520 | INFO | [ROBOT] connect...
2026-02-10 20:19:45,959 | INFO | OpenCVCamera(2) connected.
2026-02-10 20:19:47,309 | INFO | OpenCVCamera(6) connected.
2026-02-10 20:19:48,668 | INFO | OpenCVCamera(4) connected.
2026-02-10 20:19:50,021 | INFO | OpenCVCamera(0) connected.
2026-02-10 20:19:50,076 | INFO | my_awesome_follower_arm SO101Follower connected.
2026-02-10 20:19:50,076 | INFO | [BASE_POSE] target set (6 keys)
2026-02-10 20:19:50,076 | INFO | [BASE_POSE] enabled
2026-02-10 20:19:50,076 | INFO | [VISION] open camera...
2026-02-10 20:19:50,501 | INFO | [STAGE1] start Task1 INITIAL + YOLO trigger
2026-02-10 20:19:50,501 | INFO | [BASE_POSE] disabled
2026-02-10 20:19:50,513 | INFO | [TASK1] INITIAL pose 1/9 -> RAMP
2026-02-10 20:19:50,513 | INFO | [TASK1] start_initial (stepper)
2026-02-10 20:19:55,563 | INFO | [TASK1] INITIAL pose 1/9 -> HOLD
2026-02-10 20:19:55,622 | INFO | [TASK1] INITIAL pose 2/9 -> RAMP
2026-02-10 20:19:56,667 | INFO | [TASK1] INITIAL pose 2/9 -> HOLD
2026-02-10 20:19:56,732 | INFO | [TASK1] INITIAL pose 3/9 -> RAMP
2026-02-10 20:19:57,752 | INFO | [TASK1] INITIAL pose 3/9 -> HOLD
2026-02-10 20:19:57,817 | INFO | [TASK1] INITIAL pose 4/9 -> RAMP
2026-02-10 20:19:58,832 | INFO | [TASK1] INITIAL pose 4/9 -> HOLD
2026-02-10 20:19:58,905 | INFO | [TASK1] INITIAL pose 5/9 -> RAMP
2026-02-10 20:19:59,953 | INFO | [TASK1] INITIAL pose 5/9 -> HOLD
2026-02-10 20:20:00,013 | INFO | [TASK1] INITIAL pose 6/9 -> RAMP
2026-02-10 20:20:01,060 | INFO | [TASK1] INITIAL pose 6/9 -> HOLD
2026-02-10 20:20:01,122 | INFO | [TASK1] INITIAL pose 7/9 -> RAMP
2026-02-10 20:20:02,152 | INFO | [TASK1] INITIAL pose 7/9 -> HOLD
2026-02-10 20:20:02,217 | INFO | [TASK1] INITIAL pose 8/9 -> RAMP
2026-02-10 20:20:03,244 | INFO | [TASK1] INITIAL pose 8/9 -> HOLD
2026-02-10 20:20:03,303 | INFO | [TASK1] INITIAL pose 9/9 -> RAMP
2026-02-10 20:20:04,050 | INFO | [STOP] requested during vision stage -> safe exit
2026-02-10 20:20:04,050 | INFO | [BASE_POSE] enabled
2026-02-10 20:20:06,613 | INFO | [BASE_POSE] target set (6 keys)
2026-02-10 20:20:06,613 | INFO | [BASE_POSE] enabled
2026-02-10 20:20:07,414 | INFO | [SAFE] base pose hold sent
2026-02-10 20:20:07,415 | INFO | [KEY] KeyWatcher stopped
2026-02-10 20:20:08,035 | INFO | OpenCVCamera(2) disconnected.
2026-02-10 20:20:08,126 | INFO | OpenCVCamera(6) disconnected.
2026-02-10 20:20:08,252 | INFO | OpenCVCamera(4) disconnected.
2026-02-10 20:20:08,350 | INFO | OpenCVCamera(0) disconnected.
2026-02-10 20:20:08,351 | INFO | my_awesome_follower_arm SO101Follower disconnected.
