2026-02-10 20:52:48,029 | INFO | ==================================================
2026-02-10 20:52:48,029 | INFO | [main_runtime] logging started
2026-02-10 20:52:48,029 | INFO | log_file=/home/user/Panbot/logs/main_runtime_20260210_205248.log
2026-02-10 20:52:48,029 | INFO | ==================================================
2026-02-10 20:52:48,029 | INFO | [CFG] loaded: /home/user/Panbot/config/runtime.yaml
2026-02-10 20:52:48,032 | INFO | [KEY] KeyWatcher started (ESC=stop, q=preview off)
2026-02-10 20:52:48,035 | INFO | [ROBOT] connect...
2026-02-10 20:52:49,465 | INFO | OpenCVCamera(2) connected.
2026-02-10 20:52:50,812 | INFO | OpenCVCamera(6) connected.
2026-02-10 20:52:52,159 | INFO | OpenCVCamera(4) connected.
2026-02-10 20:52:53,519 | INFO | OpenCVCamera(0) connected.
2026-02-10 20:52:53,566 | INFO | my_awesome_follower_arm SO101Follower connected.
2026-02-10 20:52:53,566 | INFO | [BASE_POSE] target set (6 keys)
2026-02-10 20:52:53,566 | INFO | [BASE_POSE] enabled
2026-02-10 20:52:53,566 | INFO | [VISION] open camera...
2026-02-10 20:52:54,007 | INFO | [STAGE1] start Task1 INITIAL + YOLO trigger
2026-02-10 20:52:54,007 | INFO | [BASE_POSE] disabled
2026-02-10 20:52:54,017 | INFO | [TASK1] INITIAL pose 1/10 -> RAMP
2026-02-10 20:52:54,018 | INFO | [TASK1] start_initial (stepper)
2026-02-10 20:52:59,023 | INFO | [TASK1] INITIAL pose 1/10 -> HOLD
2026-02-10 20:52:59,131 | INFO | [TASK1] INITIAL pose 2/10 -> RAMP
2026-02-10 20:53:00,144 | INFO | [TASK1] INITIAL pose 2/10 -> HOLD
2026-02-10 20:53:00,213 | INFO | [TASK1] INITIAL pose 3/10 -> RAMP
2026-02-10 20:53:01,246 | INFO | [TASK1] INITIAL pose 3/10 -> HOLD
2026-02-10 20:53:01,341 | INFO | [TASK1] INITIAL pose 4/10 -> RAMP
2026-02-10 20:53:02,023 | INFO | [YOLO] TRIGGER ✅ info={'ratio': 0.4261493738348272, 'mask_area': 2427594.0, 'hit_count': 30, 'hold_frames': 30, 'triggered': True}
2026-02-10 20:53:02,023 | INFO | [TASK1] interrupt_to_return requested
2026-02-10 20:53:02,024 | INFO | [TASK1] RETURN pose 1/11 -> RAMP
2026-02-10 20:53:03,073 | INFO | [TASK1] RETURN pose 1/11 -> HOLD
2026-02-10 20:53:03,141 | INFO | [TASK1] RETURN pose 2/11 -> RAMP
2026-02-10 20:53:04,158 | INFO | [TASK1] RETURN pose 2/11 -> HOLD
2026-02-10 20:53:04,237 | INFO | [TASK1] RETURN pose 3/11 -> RAMP
2026-02-10 20:53:06,918 | INFO | [STOP] requested during vision stage -> safe exit
2026-02-10 20:53:06,918 | INFO | [BASE_POSE] enabled
2026-02-10 20:53:09,482 | INFO | [BASE_POSE] target set (6 keys)
2026-02-10 20:53:09,482 | INFO | [BASE_POSE] enabled
2026-02-10 20:53:10,284 | INFO | [SAFE] base pose hold sent
2026-02-10 20:53:10,284 | INFO | [KEY] KeyWatcher stopped
2026-02-10 20:53:10,877 | INFO | OpenCVCamera(2) disconnected.
2026-02-10 20:53:10,999 | INFO | OpenCVCamera(6) disconnected.
2026-02-10 20:53:11,084 | INFO | OpenCVCamera(4) disconnected.
2026-02-10 20:53:11,214 | INFO | OpenCVCamera(0) disconnected.
2026-02-10 20:53:11,214 | INFO | my_awesome_follower_arm SO101Follower disconnected.
