2026-02-10 20:23:49,998 | INFO | ==================================================
2026-02-10 20:23:49,998 | INFO | [main_runtime] logging started
2026-02-10 20:23:49,998 | INFO | log_file=/home/user/Panbot/logs/main_runtime_20260210_202349.log
2026-02-10 20:23:49,998 | INFO | ==================================================
2026-02-10 20:23:49,998 | INFO | [CFG] loaded: /home/user/Panbot/config/runtime.yaml
2026-02-10 20:23:49,999 | INFO | [KEY] KeyWatcher started (ESC=stop, q=preview off)
2026-02-10 20:23:50,002 | INFO | [ROBOT] connect...
2026-02-10 20:23:51,433 | INFO | OpenCVCamera(2) connected.
2026-02-10 20:23:52,787 | INFO | OpenCVCamera(6) connected.
2026-02-10 20:23:54,144 | INFO | OpenCVCamera(4) connected.
2026-02-10 20:23:55,498 | INFO | OpenCVCamera(0) connected.
2026-02-10 20:23:55,558 | INFO | my_awesome_follower_arm SO101Follower connected.
2026-02-10 20:23:55,558 | INFO | [BASE_POSE] target set (6 keys)
2026-02-10 20:23:55,559 | INFO | [BASE_POSE] enabled
2026-02-10 20:23:55,559 | INFO | [VISION] open camera...
2026-02-10 20:23:56,007 | INFO | [STAGE1] start Task1 INITIAL + YOLO trigger
2026-02-10 20:23:56,007 | INFO | [BASE_POSE] disabled
2026-02-10 20:23:56,016 | INFO | [TASK1] INITIAL pose 1/10 -> RAMP
2026-02-10 20:23:56,016 | INFO | [TASK1] start_initial (stepper)
2026-02-10 20:24:01,017 | INFO | [TASK1] INITIAL pose 1/10 -> HOLD
2026-02-10 20:24:01,083 | INFO | [TASK1] INITIAL pose 2/10 -> RAMP
2026-02-10 20:24:02,129 | INFO | [TASK1] INITIAL pose 2/10 -> HOLD
2026-02-10 20:24:02,193 | INFO | [TASK1] INITIAL pose 3/10 -> RAMP
2026-02-10 20:24:03,212 | INFO | [TASK1] INITIAL pose 3/10 -> HOLD
2026-02-10 20:24:03,283 | INFO | [TASK1] INITIAL pose 4/10 -> RAMP
2026-02-10 20:24:04,287 | INFO | [TASK1] INITIAL pose 4/10 -> HOLD
2026-02-10 20:24:04,359 | INFO | [TASK1] INITIAL pose 5/10 -> RAMP
2026-02-10 20:24:05,364 | INFO | [TASK1] INITIAL pose 5/10 -> HOLD
2026-02-10 20:24:05,433 | INFO | [TASK1] INITIAL pose 6/10 -> RAMP
2026-02-10 20:24:06,455 | INFO | [TASK1] INITIAL pose 6/10 -> HOLD
2026-02-10 20:24:06,519 | INFO | [TASK1] INITIAL pose 7/10 -> RAMP
2026-02-10 20:24:07,543 | INFO | [TASK1] INITIAL pose 7/10 -> HOLD
2026-02-10 20:24:07,607 | INFO | [TASK1] INITIAL pose 8/10 -> RAMP
2026-02-10 20:24:08,641 | INFO | [TASK1] INITIAL pose 8/10 -> HOLD
2026-02-10 20:24:08,706 | INFO | [TASK1] INITIAL pose 9/10 -> RAMP
2026-02-10 20:24:09,723 | INFO | [TASK1] INITIAL pose 9/10 -> HOLD
2026-02-10 20:24:09,789 | INFO | [TASK1] INITIAL pose 10/10 -> RAMP
2026-02-10 20:24:10,798 | INFO | [TASK1] INITIAL pose 10/10 -> HOLD
2026-02-10 20:24:10,859 | INFO | [TASK1] INITIAL sequence DONE
2026-02-10 20:24:20,129 | INFO | [YOLO] TRIGGER ✅ info={'ratio': 0.1463672940606469, 'mask_area': 833793.0, 'hit_count': 30, 'hold_frames': 30, 'triggered': True}
2026-02-10 20:24:20,129 | INFO | [TASK1] interrupt_to_return requested
2026-02-10 20:24:20,131 | INFO | [TASK1] RETURN pose 1/10 -> RAMP
2026-02-10 20:24:21,179 | INFO | [TASK1] RETURN pose 1/10 -> HOLD
2026-02-10 20:24:21,268 | INFO | [TASK1] RETURN pose 2/10 -> RAMP
2026-02-10 20:24:22,329 | INFO | [TASK1] RETURN pose 2/10 -> HOLD
2026-02-10 20:24:22,417 | INFO | [TASK1] RETURN pose 3/10 -> RAMP
2026-02-10 20:24:23,443 | INFO | [TASK1] RETURN pose 3/10 -> HOLD
2026-02-10 20:24:23,530 | INFO | [TASK1] RETURN pose 4/10 -> RAMP
2026-02-10 20:24:24,595 | INFO | [TASK1] RETURN pose 4/10 -> HOLD
2026-02-10 20:24:24,687 | INFO | [TASK1] RETURN pose 5/10 -> RAMP
2026-02-10 20:24:25,745 | INFO | [TASK1] RETURN pose 5/10 -> HOLD
2026-02-10 20:24:25,841 | INFO | [TASK1] RETURN pose 6/10 -> RAMP
2026-02-10 20:24:26,905 | INFO | [TASK1] RETURN pose 6/10 -> HOLD
2026-02-10 20:24:27,002 | INFO | [TASK1] RETURN pose 7/10 -> RAMP
2026-02-10 20:24:28,066 | INFO | [TASK1] RETURN pose 7/10 -> HOLD
2026-02-10 20:24:28,158 | INFO | [TASK1] RETURN pose 8/10 -> RAMP
2026-02-10 20:24:29,160 | INFO | [TASK1] RETURN pose 8/10 -> HOLD
2026-02-10 20:24:29,253 | INFO | [TASK1] RETURN pose 9/10 -> RAMP
2026-02-10 20:24:30,310 | INFO | [TASK1] RETURN pose 9/10 -> HOLD
2026-02-10 20:24:30,397 | INFO | [TASK1] RETURN pose 10/10 -> RAMP
2026-02-10 20:24:31,457 | INFO | [TASK1] RETURN pose 10/10 -> HOLD
2026-02-10 20:24:31,542 | INFO | [TASK1] RETURN sequence DONE
2026-02-10 20:24:31,569 | INFO | [STAGE1] Task1 RETURN done -> Stage2(GRU wait)
2026-02-10 20:24:31,570 | INFO | [BASE_POSE] ramp start: duration_s=1.000
2026-02-10 20:24:31,570 | INFO | [BASE_POSE] enabled
2026-02-10 20:24:32,590 | INFO | [BASE_POSE] ramp done -> hold target
2026-02-10 20:25:20,548 | INFO | [STOP] requested during vision stage -> safe exit
2026-02-10 20:25:20,548 | INFO | [BASE_POSE] enabled
2026-02-10 20:25:23,120 | INFO | [BASE_POSE] target set (6 keys)
2026-02-10 20:25:23,120 | INFO | [BASE_POSE] enabled
2026-02-10 20:25:23,926 | INFO | [SAFE] base pose hold sent
2026-02-10 20:25:23,926 | INFO | [KEY] KeyWatcher stopped
2026-02-10 20:25:24,509 | INFO | OpenCVCamera(2) disconnected.
2026-02-10 20:25:24,602 | INFO | OpenCVCamera(6) disconnected.
2026-02-10 20:25:24,701 | INFO | OpenCVCamera(4) disconnected.
2026-02-10 20:25:24,792 | INFO | OpenCVCamera(0) disconnected.
2026-02-10 20:25:24,792 | INFO | my_awesome_follower_arm SO101Follower disconnected.
