2026-02-10 19:30:34,323 | INFO | ==================================================
2026-02-10 19:30:34,323 | INFO | [main_runtime] logging started
2026-02-10 19:30:34,323 | INFO | log_file=/home/user/Panbot/logs/main_runtime_20260210_193034.log
2026-02-10 19:30:34,323 | INFO | ==================================================
2026-02-10 19:30:34,323 | INFO | [CFG] loaded: /home/user/Panbot/config/runtime.yaml
2026-02-10 19:30:34,324 | INFO | [KEY] KeyWatcher started (ESC=stop, q=preview off)
2026-02-10 19:30:34,326 | INFO | [ROBOT] connect...
2026-02-10 19:30:35,762 | INFO | OpenCVCamera(2) connected.
2026-02-10 19:30:37,111 | INFO | OpenCVCamera(6) connected.
2026-02-10 19:30:38,472 | INFO | OpenCVCamera(4) connected.
2026-02-10 19:30:39,824 | INFO | OpenCVCamera(0) connected.
2026-02-10 19:30:39,873 | INFO | my_awesome_follower_arm SO101Follower connected.
2026-02-10 19:30:39,873 | INFO | [BASE_POSE] target set (6 keys)
2026-02-10 19:30:39,873 | INFO | [BASE_POSE] enabled
2026-02-10 19:30:39,873 | INFO | [VISION] open camera...
2026-02-10 19:30:40,299 | INFO | [STAGE1] start Task1 INITIAL + YOLO trigger
2026-02-10 19:30:40,299 | INFO | [BASE_POSE] disabled
2026-02-10 19:30:40,308 | INFO | [TASK1] INITIAL pose 1/5 -> RAMP
2026-02-10 19:30:40,308 | INFO | [TASK1] start_initial (stepper)
2026-02-10 19:30:43,327 | INFO | [TASK1] INITIAL pose 1/5 -> HOLD
2026-02-10 19:30:43,328 | INFO | [TASK1] INITIAL pose 2/5 -> RAMP
2026-02-10 19:30:44,369 | INFO | [TASK1] INITIAL pose 2/5 -> HOLD
2026-02-10 19:30:44,370 | INFO | [TASK1] INITIAL pose 3/5 -> RAMP
2026-02-10 19:30:47,392 | INFO | [TASK1] INITIAL pose 3/5 -> HOLD
2026-02-10 19:30:47,393 | INFO | [TASK1] INITIAL pose 4/5 -> RAMP
2026-02-10 19:30:50,444 | INFO | [TASK1] INITIAL pose 4/5 -> HOLD
2026-02-10 19:30:50,445 | INFO | [TASK1] INITIAL pose 5/5 -> RAMP
2026-02-10 19:30:53,469 | INFO | [TASK1] INITIAL pose 5/5 -> HOLD
2026-02-10 19:30:53,469 | INFO | [TASK1] INITIAL sequence DONE
2026-02-10 19:31:01,489 | INFO | [YOLO] TRIGGER ✅ info={'ratio': 0.4709007860856865, 'mask_area': 2682524.0, 'hit_count': 30, 'hold_frames': 30, 'triggered': True}
2026-02-10 19:31:01,489 | INFO | [TASK1] interrupt_to_return requested
2026-02-10 19:31:01,490 | INFO | [TASK1] RETURN pose 1/5 -> RAMP
2026-02-10 19:31:04,531 | INFO | [TASK1] RETURN pose 1/5 -> HOLD
2026-02-10 19:31:04,532 | INFO | [TASK1] RETURN pose 2/5 -> RAMP
2026-02-10 19:31:07,548 | INFO | [TASK1] RETURN pose 2/5 -> HOLD
2026-02-10 19:31:07,549 | INFO | [TASK1] RETURN pose 3/5 -> RAMP
2026-02-10 19:31:10,583 | INFO | [TASK1] RETURN pose 3/5 -> HOLD
2026-02-10 19:31:10,584 | INFO | [TASK1] RETURN pose 4/5 -> RAMP
2026-02-10 19:31:13,599 | INFO | [TASK1] RETURN pose 4/5 -> HOLD
2026-02-10 19:31:13,601 | INFO | [TASK1] RETURN pose 5/5 -> RAMP
2026-02-10 19:31:16,612 | INFO | [TASK1] RETURN pose 5/5 -> HOLD
2026-02-10 19:31:16,613 | INFO | [TASK1] RETURN sequence DONE
2026-02-10 19:31:16,633 | INFO | [STAGE1] Task1 RETURN done -> Stage2(GRU wait)
2026-02-10 19:31:16,635 | INFO | [BASE_POSE] ramp start: duration_s=3.000
2026-02-10 19:31:16,635 | INFO | [BASE_POSE] enabled
2026-02-10 19:31:19,782 | INFO | [BASE_POSE] ramp done -> hold target
2026-02-10 19:32:36,985 | INFO | [STOP] requested during vision stage -> safe exit
2026-02-10 19:32:36,986 | INFO | [BASE_POSE] enabled
2026-02-10 19:32:39,617 | INFO | [BASE_POSE] target set (6 keys)
2026-02-10 19:32:39,617 | INFO | [BASE_POSE] enabled
2026-02-10 19:32:40,423 | INFO | [SAFE] base pose hold sent
2026-02-10 19:32:40,423 | INFO | [KEY] KeyWatcher stopped
2026-02-10 19:32:40,954 | INFO | OpenCVCamera(2) disconnected.
2026-02-10 19:32:41,071 | INFO | OpenCVCamera(6) disconnected.
2026-02-10 19:32:41,179 | INFO | OpenCVCamera(4) disconnected.
2026-02-10 19:32:41,263 | INFO | OpenCVCamera(0) disconnected.
2026-02-10 19:32:41,263 | INFO | my_awesome_follower_arm SO101Follower disconnected.
