2026-02-10 20:52:12,650 | INFO | ==================================================
2026-02-10 20:52:12,650 | INFO | [main_runtime] logging started
2026-02-10 20:52:12,650 | INFO | log_file=/home/user/Panbot/logs/main_runtime_20260210_205212.log
2026-02-10 20:52:12,650 | INFO | ==================================================
2026-02-10 20:52:12,650 | INFO | [CFG] loaded: /home/user/Panbot/config/runtime.yaml
2026-02-10 20:52:12,650 | INFO | [KEY] KeyWatcher started (ESC=stop, q=preview off)
2026-02-10 20:52:12,653 | INFO | [ROBOT] connect...
2026-02-10 20:52:14,101 | INFO | OpenCVCamera(2) connected.
2026-02-10 20:52:15,455 | INFO | OpenCVCamera(6) connected.
2026-02-10 20:52:16,818 | INFO | OpenCVCamera(4) connected.
2026-02-10 20:52:18,153 | INFO | OpenCVCamera(0) connected.
2026-02-10 20:52:18,190 | INFO | my_awesome_follower_arm SO101Follower connected.
2026-02-10 20:52:18,190 | INFO | [BASE_POSE] target set (6 keys)
2026-02-10 20:52:18,190 | INFO | [BASE_POSE] enabled
2026-02-10 20:52:18,190 | INFO | [VISION] open camera...
2026-02-10 20:52:18,614 | INFO | [STAGE1] start Task1 INITIAL + YOLO trigger
2026-02-10 20:52:18,614 | INFO | [BASE_POSE] disabled
2026-02-10 20:52:18,623 | INFO | [TASK1] INITIAL pose 1/10 -> RAMP
2026-02-10 20:52:18,623 | INFO | [TASK1] start_initial (stepper)
2026-02-10 20:52:22,637 | INFO | [YOLO] TRIGGER ✅ info={'ratio': 0.12117937429124141, 'mask_area': 690308.0, 'hit_count': 30, 'hold_frames': 30, 'triggered': True}
2026-02-10 20:52:22,637 | INFO | [TASK1] interrupt_to_return requested
2026-02-10 20:52:22,638 | INFO | [TASK1] RETURN pose 1/11 -> RAMP
2026-02-10 20:52:23,694 | INFO | [TASK1] RETURN pose 1/11 -> HOLD
2026-02-10 20:52:23,786 | INFO | [TASK1] RETURN pose 2/11 -> RAMP
2026-02-10 20:52:24,813 | INFO | [TASK1] RETURN pose 2/11 -> HOLD
2026-02-10 20:52:24,909 | INFO | [TASK1] RETURN pose 3/11 -> RAMP
2026-02-10 20:52:27,932 | INFO | [TASK1] RETURN pose 3/11 -> HOLD
2026-02-10 20:52:28,023 | INFO | [TASK1] RETURN pose 4/11 -> RAMP
2026-02-10 20:52:29,080 | INFO | [TASK1] RETURN pose 4/11 -> HOLD
2026-02-10 20:52:29,172 | INFO | [TASK1] RETURN pose 5/11 -> RAMP
2026-02-10 20:52:30,177 | INFO | [TASK1] RETURN pose 5/11 -> HOLD
2026-02-10 20:52:30,262 | INFO | [TASK1] RETURN pose 6/11 -> RAMP
2026-02-10 20:52:31,331 | INFO | [TASK1] RETURN pose 6/11 -> HOLD
2026-02-10 20:52:31,420 | INFO | [TASK1] RETURN pose 7/11 -> RAMP
2026-02-10 20:52:32,473 | INFO | [TASK1] RETURN pose 7/11 -> HOLD
2026-02-10 20:52:32,563 | INFO | [TASK1] RETURN pose 8/11 -> RAMP
2026-02-10 20:52:33,598 | INFO | [TASK1] RETURN pose 8/11 -> HOLD
2026-02-10 20:52:33,692 | INFO | [TASK1] RETURN pose 9/11 -> RAMP
2026-02-10 20:52:34,324 | INFO | [STOP] requested during vision stage -> safe exit
2026-02-10 20:52:34,324 | INFO | [BASE_POSE] enabled
2026-02-10 20:52:36,890 | INFO | [BASE_POSE] target set (6 keys)
2026-02-10 20:52:36,890 | INFO | [BASE_POSE] enabled
2026-02-10 20:52:37,695 | INFO | [SAFE] base pose hold sent
2026-02-10 20:52:37,695 | INFO | [KEY] KeyWatcher stopped
2026-02-10 20:52:38,266 | INFO | OpenCVCamera(2) disconnected.
2026-02-10 20:52:38,358 | INFO | OpenCVCamera(6) disconnected.
2026-02-10 20:52:38,462 | INFO | OpenCVCamera(4) disconnected.
2026-02-10 20:52:38,538 | INFO | OpenCVCamera(0) disconnected.
2026-02-10 20:52:38,538 | INFO | my_awesome_follower_arm SO101Follower disconnected.
