2026-02-10 20:15:13,572 | INFO | ==================================================
2026-02-10 20:15:13,572 | INFO | [main_runtime] logging started
2026-02-10 20:15:13,572 | INFO | log_file=/home/user/Panbot/logs/main_runtime_20260210_201513.log
2026-02-10 20:15:13,572 | INFO | ==================================================
2026-02-10 20:15:13,572 | INFO | [CFG] loaded: /home/user/Panbot/config/runtime.yaml
2026-02-10 20:15:13,573 | INFO | [KEY] KeyWatcher started (ESC=stop, q=preview off)
2026-02-10 20:15:13,574 | INFO | [ROBOT] connect...
2026-02-10 20:15:15,018 | INFO | OpenCVCamera(2) connected.
2026-02-10 20:15:16,280 | INFO | OpenCVCamera(6) connected.
2026-02-10 20:15:17,626 | INFO | OpenCVCamera(4) connected.
2026-02-10 20:15:18,972 | INFO | OpenCVCamera(0) connected.
2026-02-10 20:15:19,017 | INFO | my_awesome_follower_arm SO101Follower connected.
2026-02-10 20:15:19,017 | INFO | [BASE_POSE] target set (6 keys)
2026-02-10 20:15:19,018 | INFO | [BASE_POSE] enabled
2026-02-10 20:15:19,018 | INFO | [VISION] open camera...
2026-02-10 20:15:19,453 | INFO | [STAGE1] start Task1 INITIAL + YOLO trigger
2026-02-10 20:15:19,453 | INFO | [BASE_POSE] disabled
2026-02-10 20:15:19,463 | INFO | [TASK1] INITIAL pose 1/13 -> RAMP
2026-02-10 20:15:19,463 | INFO | [TASK1] start_initial (stepper)
2026-02-10 20:15:24,516 | INFO | [TASK1] INITIAL pose 1/13 -> HOLD
2026-02-10 20:15:24,577 | INFO | [TASK1] INITIAL pose 2/13 -> RAMP
2026-02-10 20:15:25,594 | INFO | [TASK1] INITIAL pose 2/13 -> HOLD
2026-02-10 20:15:25,657 | INFO | [TASK1] INITIAL pose 3/13 -> RAMP
2026-02-10 20:15:26,691 | INFO | [TASK1] INITIAL pose 3/13 -> HOLD
2026-02-10 20:15:26,755 | INFO | [TASK1] INITIAL pose 4/13 -> RAMP
2026-02-10 20:15:27,793 | INFO | [TASK1] INITIAL pose 4/13 -> HOLD
2026-02-10 20:15:27,862 | INFO | [TASK1] INITIAL pose 5/13 -> RAMP
2026-02-10 20:15:28,878 | INFO | [TASK1] INITIAL pose 5/13 -> HOLD
2026-02-10 20:15:28,942 | INFO | [TASK1] INITIAL pose 6/13 -> RAMP
2026-02-10 20:15:29,961 | INFO | [TASK1] INITIAL pose 6/13 -> HOLD
2026-02-10 20:15:30,025 | INFO | [TASK1] INITIAL pose 7/13 -> RAMP
2026-02-10 20:15:31,042 | INFO | [TASK1] INITIAL pose 7/13 -> HOLD
2026-02-10 20:15:31,106 | INFO | [TASK1] INITIAL pose 8/13 -> RAMP
2026-02-10 20:15:32,126 | INFO | [TASK1] INITIAL pose 8/13 -> HOLD
2026-02-10 20:15:32,194 | INFO | [TASK1] INITIAL pose 9/13 -> RAMP
2026-02-10 20:15:33,245 | INFO | [TASK1] INITIAL pose 9/13 -> HOLD
2026-02-10 20:15:33,308 | INFO | [TASK1] INITIAL pose 10/13 -> RAMP
2026-02-10 20:15:34,358 | INFO | [TASK1] INITIAL pose 10/13 -> HOLD
2026-02-10 20:15:34,424 | INFO | [TASK1] INITIAL pose 11/13 -> RAMP
2026-02-10 20:15:35,459 | INFO | [TASK1] INITIAL pose 11/13 -> HOLD
2026-02-10 20:15:35,529 | INFO | [TASK1] INITIAL pose 12/13 -> RAMP
2026-02-10 20:15:36,554 | INFO | [TASK1] INITIAL pose 12/13 -> HOLD
2026-02-10 20:15:36,622 | INFO | [TASK1] INITIAL pose 13/13 -> RAMP
2026-02-10 20:15:37,631 | INFO | [TASK1] INITIAL pose 13/13 -> HOLD
2026-02-10 20:15:37,697 | INFO | [TASK1] INITIAL sequence DONE
2026-02-10 20:15:51,312 | INFO | [YOLO] TRIGGER ✅ info={'ratio': 0.2241706427365191, 'mask_area': 1277006.0, 'hit_count': 30, 'hold_frames': 30, 'triggered': True}
2026-02-10 20:15:51,313 | INFO | [TASK1] interrupt_to_return requested
2026-02-10 20:15:51,314 | INFO | [TASK1] RETURN pose 1/13 -> RAMP
2026-02-10 20:15:52,384 | INFO | [TASK1] RETURN pose 1/13 -> HOLD
2026-02-10 20:15:52,511 | INFO | [TASK1] RETURN pose 2/13 -> RAMP
2026-02-10 20:15:53,526 | INFO | [TASK1] RETURN pose 2/13 -> HOLD
2026-02-10 20:15:53,591 | INFO | [TASK1] RETURN pose 3/13 -> RAMP
2026-02-10 20:15:54,628 | INFO | [TASK1] RETURN pose 3/13 -> HOLD
2026-02-10 20:15:54,695 | INFO | [TASK1] RETURN pose 4/13 -> RAMP
2026-02-10 20:15:55,718 | INFO | [TASK1] RETURN pose 4/13 -> HOLD
2026-02-10 20:15:55,780 | INFO | [TASK1] RETURN pose 5/13 -> RAMP
2026-02-10 20:15:56,788 | INFO | [TASK1] RETURN pose 5/13 -> HOLD
2026-02-10 20:15:56,856 | INFO | [TASK1] RETURN pose 6/13 -> RAMP
2026-02-10 20:15:57,870 | INFO | [TASK1] RETURN pose 6/13 -> HOLD
2026-02-10 20:15:57,938 | INFO | [TASK1] RETURN pose 7/13 -> RAMP
2026-02-10 20:15:58,943 | INFO | [TASK1] RETURN pose 7/13 -> HOLD
2026-02-10 20:15:59,007 | INFO | [TASK1] RETURN pose 8/13 -> RAMP
2026-02-10 20:16:00,023 | INFO | [TASK1] RETURN pose 8/13 -> HOLD
2026-02-10 20:16:00,095 | INFO | [TASK1] RETURN pose 9/13 -> RAMP
2026-02-10 20:16:01,123 | INFO | [TASK1] RETURN pose 9/13 -> HOLD
2026-02-10 20:16:01,189 | INFO | [TASK1] RETURN pose 10/13 -> RAMP
2026-02-10 20:16:02,204 | INFO | [TASK1] RETURN pose 10/13 -> HOLD
2026-02-10 20:16:02,265 | INFO | [TASK1] RETURN pose 11/13 -> RAMP
2026-02-10 20:16:03,272 | INFO | [TASK1] RETURN pose 11/13 -> HOLD
2026-02-10 20:16:03,331 | INFO | [TASK1] RETURN pose 12/13 -> RAMP
2026-02-10 20:16:04,371 | INFO | [TASK1] RETURN pose 12/13 -> HOLD
2026-02-10 20:16:04,433 | INFO | [TASK1] RETURN pose 13/13 -> RAMP
2026-02-10 20:16:05,442 | INFO | [TASK1] RETURN pose 13/13 -> HOLD
2026-02-10 20:16:05,504 | INFO | [TASK1] RETURN sequence DONE
2026-02-10 20:16:05,522 | INFO | [STAGE1] Task1 RETURN done -> Stage2(GRU wait)
2026-02-10 20:16:05,524 | INFO | [BASE_POSE] ramp start: duration_s=1.000
2026-02-10 20:16:05,524 | INFO | [BASE_POSE] enabled
2026-02-10 20:16:06,570 | INFO | [BASE_POSE] ramp done -> hold target
2026-02-10 20:16:10,019 | INFO | [UI] preview off (q)
2026-02-10 20:16:11,163 | INFO | [STOP] requested during vision stage -> safe exit
2026-02-10 20:16:11,163 | INFO | [BASE_POSE] enabled
2026-02-10 20:16:13,786 | INFO | [BASE_POSE] target set (6 keys)
2026-02-10 20:16:13,786 | INFO | [BASE_POSE] enabled
2026-02-10 20:16:14,595 | INFO | [SAFE] base pose hold sent
2026-02-10 20:16:14,595 | INFO | [KEY] KeyWatcher stopped
2026-02-10 20:16:15,177 | INFO | OpenCVCamera(2) disconnected.
2026-02-10 20:16:15,282 | INFO | OpenCVCamera(6) disconnected.
2026-02-10 20:16:15,404 | INFO | OpenCVCamera(4) disconnected.
2026-02-10 20:16:15,483 | INFO | OpenCVCamera(0) disconnected.
2026-02-10 20:16:15,483 | INFO | my_awesome_follower_arm SO101Follower disconnected.
