2026-02-10 20:58:23,096 | INFO | ==================================================
2026-02-10 20:58:23,096 | INFO | [main_runtime] logging started
2026-02-10 20:58:23,096 | INFO | log_file=/home/user/Panbot/logs/main_runtime_20260210_205823.log
2026-02-10 20:58:23,097 | INFO | ==================================================
2026-02-10 20:58:23,097 | INFO | [CFG] loaded: /home/user/Panbot/config/runtime.yaml
2026-02-10 20:58:23,097 | INFO | [KEY] KeyWatcher started (ESC=stop, q=preview off)
2026-02-10 20:58:23,099 | INFO | [ROBOT] connect...
2026-02-10 20:58:24,536 | INFO | OpenCVCamera(2) connected.
2026-02-10 20:58:25,894 | INFO | OpenCVCamera(6) connected.
2026-02-10 20:58:27,246 | INFO | OpenCVCamera(4) connected.
2026-02-10 20:58:28,600 | INFO | OpenCVCamera(0) connected.
2026-02-10 20:58:28,654 | INFO | my_awesome_follower_arm SO101Follower connected.
2026-02-10 20:58:28,654 | INFO | [BASE_POSE] target set (6 keys)
2026-02-10 20:58:28,655 | INFO | [BASE_POSE] enabled
2026-02-10 20:58:28,655 | INFO | [VISION] open camera...
2026-02-10 20:58:29,078 | INFO | [STAGE1] start Task1 INITIAL + YOLO trigger
2026-02-10 20:58:29,078 | INFO | [BASE_POSE] disabled
2026-02-10 20:58:29,087 | INFO | [TASK1] INITIAL pose 1/10 -> RAMP
2026-02-10 20:58:29,087 | INFO | [TASK1] start_initial (stepper)
2026-02-10 20:58:34,098 | INFO | [TASK1] INITIAL pose 1/10 -> HOLD
2026-02-10 20:58:34,162 | INFO | [TASK1] INITIAL pose 2/10 -> RAMP
2026-02-10 20:58:35,185 | INFO | [TASK1] INITIAL pose 2/10 -> HOLD
2026-02-10 20:58:35,249 | INFO | [TASK1] INITIAL pose 3/10 -> RAMP
2026-02-10 20:58:36,268 | INFO | [TASK1] INITIAL pose 3/10 -> HOLD
2026-02-10 20:58:36,332 | INFO | [TASK1] INITIAL pose 4/10 -> RAMP
2026-02-10 20:58:37,360 | INFO | [TASK1] INITIAL pose 4/10 -> HOLD
2026-02-10 20:58:37,422 | INFO | [TASK1] INITIAL pose 5/10 -> RAMP
2026-02-10 20:58:38,439 | INFO | [TASK1] INITIAL pose 5/10 -> HOLD
2026-02-10 20:58:38,499 | INFO | [TASK1] INITIAL pose 6/10 -> RAMP
2026-02-10 20:58:39,532 | INFO | [TASK1] INITIAL pose 6/10 -> HOLD
2026-02-10 20:58:39,599 | INFO | [TASK1] INITIAL pose 7/10 -> RAMP
2026-02-10 20:58:40,619 | INFO | [TASK1] INITIAL pose 7/10 -> HOLD
2026-02-10 20:58:40,683 | INFO | [TASK1] INITIAL pose 8/10 -> RAMP
2026-02-10 20:58:41,727 | INFO | [TASK1] INITIAL pose 8/10 -> HOLD
2026-02-10 20:58:41,792 | INFO | [TASK1] INITIAL pose 9/10 -> RAMP
2026-02-10 20:58:42,805 | INFO | [TASK1] INITIAL pose 9/10 -> HOLD
2026-02-10 20:58:42,868 | INFO | [TASK1] INITIAL pose 10/10 -> RAMP
2026-02-10 20:58:43,908 | INFO | [TASK1] INITIAL pose 10/10 -> HOLD
2026-02-10 20:58:43,971 | INFO | [TASK1] INITIAL sequence DONE
2026-02-10 20:58:48,910 | INFO | [YOLO] TRIGGER ✅ info={'ratio': 0.16763970663099614, 'mask_area': 954973.0, 'hit_count': 30, 'hold_frames': 30, 'triggered': True}
2026-02-10 20:58:48,910 | INFO | [TASK1] interrupt_to_return requested
2026-02-10 20:58:48,911 | INFO | [TASK1] RETURN pose 1/11 -> RAMP
2026-02-10 20:58:49,961 | INFO | [TASK1] RETURN pose 1/11 -> HOLD
2026-02-10 20:58:50,059 | INFO | [TASK1] RETURN pose 2/11 -> RAMP
2026-02-10 20:58:51,114 | INFO | [TASK1] RETURN pose 2/11 -> HOLD
2026-02-10 20:58:51,202 | INFO | [TASK1] RETURN pose 3/11 -> RAMP
2026-02-10 20:58:54,207 | INFO | [TASK1] RETURN pose 3/11 -> HOLD
2026-02-10 20:58:54,302 | INFO | [TASK1] RETURN pose 4/11 -> RAMP
2026-02-10 20:58:55,318 | INFO | [TASK1] RETURN pose 4/11 -> HOLD
2026-02-10 20:58:55,402 | INFO | [TASK1] RETURN pose 5/11 -> RAMP
2026-02-10 20:58:56,469 | INFO | [TASK1] RETURN pose 5/11 -> HOLD
2026-02-10 20:58:56,559 | INFO | [TASK1] RETURN pose 6/11 -> RAMP
2026-02-10 20:58:57,600 | INFO | [TASK1] RETURN pose 6/11 -> HOLD
2026-02-10 20:58:57,692 | INFO | [TASK1] RETURN pose 7/11 -> RAMP
2026-02-10 20:58:58,708 | INFO | [TASK1] RETURN pose 7/11 -> HOLD
2026-02-10 20:58:58,799 | INFO | [TASK1] RETURN pose 8/11 -> RAMP
2026-02-10 20:58:59,829 | INFO | [TASK1] RETURN pose 8/11 -> HOLD
2026-02-10 20:58:59,924 | INFO | [TASK1] RETURN pose 9/11 -> RAMP
2026-02-10 20:59:00,978 | INFO | [TASK1] RETURN pose 9/11 -> HOLD
2026-02-10 20:59:01,074 | INFO | [TASK1] RETURN pose 10/11 -> RAMP
2026-02-10 20:59:02,080 | INFO | [TASK1] RETURN pose 10/11 -> HOLD
2026-02-10 20:59:02,166 | INFO | [TASK1] RETURN pose 11/11 -> RAMP
2026-02-10 20:59:03,182 | INFO | [TASK1] RETURN pose 11/11 -> HOLD
2026-02-10 20:59:03,276 | INFO | [TASK1] RETURN sequence DONE
2026-02-10 20:59:03,298 | INFO | [STAGE1] Task1 RETURN done -> Stage2(GRU wait)
2026-02-10 20:59:03,299 | INFO | [BASE_POSE] ramp start: duration_s=1.000
2026-02-10 20:59:03,300 | INFO | [BASE_POSE] enabled
2026-02-10 20:59:04,345 | INFO | [BASE_POSE] ramp done -> hold target
2026-02-10 20:59:11,993 | INFO | [STOP] requested during vision stage -> safe exit
2026-02-10 20:59:11,993 | INFO | [BASE_POSE] enabled
2026-02-10 20:59:14,549 | INFO | [BASE_POSE] target set (6 keys)
2026-02-10 20:59:14,549 | INFO | [BASE_POSE] enabled
2026-02-10 20:59:15,355 | INFO | [SAFE] base pose hold sent
2026-02-10 20:59:15,355 | INFO | [KEY] KeyWatcher stopped
2026-02-10 20:59:15,970 | INFO | OpenCVCamera(2) disconnected.
2026-02-10 20:59:16,073 | INFO | OpenCVCamera(6) disconnected.
2026-02-10 20:59:16,200 | INFO | OpenCVCamera(4) disconnected.
2026-02-10 20:59:16,291 | INFO | OpenCVCamera(0) disconnected.
2026-02-10 20:59:16,291 | INFO | my_awesome_follower_arm SO101Follower disconnected.
