2026-02-10 19:33:08,538 | INFO | ==================================================
2026-02-10 19:33:08,538 | INFO | [main_runtime] logging started
2026-02-10 19:33:08,538 | INFO | log_file=/home/user/Panbot/logs/main_runtime_20260210_193308.log
2026-02-10 19:33:08,538 | INFO | ==================================================
2026-02-10 19:33:08,538 | INFO | [CFG] loaded: /home/user/Panbot/config/runtime.yaml
2026-02-10 19:33:08,539 | INFO | [KEY] KeyWatcher started (ESC=stop, q=preview off)
2026-02-10 19:33:08,541 | INFO | [ROBOT] connect...
2026-02-10 19:33:09,960 | INFO | OpenCVCamera(2) connected.
2026-02-10 19:33:11,318 | INFO | OpenCVCamera(6) connected.
2026-02-10 19:33:12,672 | INFO | OpenCVCamera(4) connected.
2026-02-10 19:33:14,039 | INFO | OpenCVCamera(0) connected.
2026-02-10 19:33:14,078 | INFO | my_awesome_follower_arm SO101Follower connected.
2026-02-10 19:33:14,079 | INFO | [BASE_POSE] target set (6 keys)
2026-02-10 19:33:14,079 | INFO | [BASE_POSE] enabled
2026-02-10 19:33:14,079 | INFO | [VISION] open camera...
2026-02-10 19:33:14,507 | INFO | [STAGE1] start Task1 INITIAL + YOLO trigger
2026-02-10 19:33:14,508 | INFO | [BASE_POSE] disabled
2026-02-10 19:33:14,519 | INFO | [TASK1] INITIAL pose 1/5 -> RAMP
2026-02-10 19:33:14,519 | INFO | [TASK1] start_initial (stepper)
2026-02-10 19:33:19,521 | INFO | [TASK1] INITIAL pose 1/5 -> HOLD
2026-02-10 19:33:19,522 | INFO | [TASK1] INITIAL pose 2/5 -> RAMP
2026-02-10 19:33:20,553 | INFO | [TASK1] INITIAL pose 2/5 -> HOLD
2026-02-10 19:33:20,554 | INFO | [TASK1] INITIAL pose 3/5 -> RAMP
2026-02-10 19:33:23,598 | INFO | [TASK1] INITIAL pose 3/5 -> HOLD
2026-02-10 19:33:23,600 | INFO | [TASK1] INITIAL pose 4/5 -> RAMP
2026-02-10 19:33:26,634 | INFO | [TASK1] INITIAL pose 4/5 -> HOLD
2026-02-10 19:33:26,635 | INFO | [TASK1] INITIAL pose 5/5 -> RAMP
2026-02-10 19:33:29,684 | INFO | [TASK1] INITIAL pose 5/5 -> HOLD
2026-02-10 19:33:29,684 | INFO | [TASK1] INITIAL sequence DONE
2026-02-10 19:33:34,348 | INFO | [STOP] requested during vision stage -> safe exit
2026-02-10 19:33:34,348 | INFO | [BASE_POSE] enabled
2026-02-10 19:33:36,913 | INFO | [BASE_POSE] target set (6 keys)
2026-02-10 19:33:36,913 | INFO | [BASE_POSE] enabled
2026-02-10 19:33:37,717 | INFO | [SAFE] base pose hold sent
2026-02-10 19:33:37,718 | INFO | [KEY] KeyWatcher stopped
2026-02-10 19:33:38,341 | INFO | OpenCVCamera(2) disconnected.
2026-02-10 19:33:38,429 | INFO | OpenCVCamera(6) disconnected.
2026-02-10 19:33:38,527 | INFO | OpenCVCamera(4) disconnected.
2026-02-10 19:33:38,632 | INFO | OpenCVCamera(0) disconnected.
2026-02-10 19:33:38,632 | INFO | my_awesome_follower_arm SO101Follower disconnected.
