2026-02-10 20:56:06,987 | INFO | ==================================================
2026-02-10 20:56:06,987 | INFO | [main_runtime] logging started
2026-02-10 20:56:06,987 | INFO | log_file=/home/user/Panbot/logs/main_runtime_20260210_205606.log
2026-02-10 20:56:06,987 | INFO | ==================================================
2026-02-10 20:56:06,988 | INFO | [CFG] loaded: /home/user/Panbot/config/runtime.yaml
2026-02-10 20:56:06,988 | INFO | [KEY] KeyWatcher started (ESC=stop, q=preview off)
2026-02-10 20:56:06,990 | INFO | [ROBOT] connect...
2026-02-10 20:56:08,437 | INFO | OpenCVCamera(2) connected.
2026-02-10 20:56:09,813 | INFO | OpenCVCamera(6) connected.
2026-02-10 20:56:11,166 | INFO | OpenCVCamera(4) connected.
2026-02-10 20:56:12,529 | INFO | OpenCVCamera(0) connected.
2026-02-10 20:56:12,570 | INFO | my_awesome_follower_arm SO101Follower connected.
2026-02-10 20:56:12,570 | INFO | [BASE_POSE] target set (6 keys)
2026-02-10 20:56:12,570 | INFO | [BASE_POSE] enabled
2026-02-10 20:56:12,570 | INFO | [VISION] open camera...
2026-02-10 20:56:13,021 | INFO | [STAGE1] start Task1 INITIAL + YOLO trigger
2026-02-10 20:56:13,022 | INFO | [BASE_POSE] disabled
2026-02-10 20:56:13,031 | INFO | [TASK1] INITIAL pose 1/10 -> RAMP
2026-02-10 20:56:13,031 | INFO | [TASK1] start_initial (stepper)
2026-02-10 20:56:18,072 | INFO | [TASK1] INITIAL pose 1/10 -> HOLD
2026-02-10 20:56:18,136 | INFO | [TASK1] INITIAL pose 2/10 -> RAMP
2026-02-10 20:56:19,181 | INFO | [TASK1] INITIAL pose 2/10 -> HOLD
2026-02-10 20:56:19,249 | INFO | [TASK1] INITIAL pose 3/10 -> RAMP
2026-02-10 20:56:20,281 | INFO | [TASK1] INITIAL pose 3/10 -> HOLD
2026-02-10 20:56:20,341 | INFO | [TASK1] INITIAL pose 4/10 -> RAMP
2026-02-10 20:56:21,387 | INFO | [TASK1] INITIAL pose 4/10 -> HOLD
2026-02-10 20:56:21,454 | INFO | [TASK1] INITIAL pose 5/10 -> RAMP
2026-02-10 20:56:22,459 | INFO | [TASK1] INITIAL pose 5/10 -> HOLD
2026-02-10 20:56:22,534 | INFO | [TASK1] INITIAL pose 6/10 -> RAMP
2026-02-10 20:56:23,562 | INFO | [TASK1] INITIAL pose 6/10 -> HOLD
2026-02-10 20:56:23,632 | INFO | [TASK1] INITIAL pose 7/10 -> RAMP
2026-02-10 20:56:24,666 | INFO | [TASK1] INITIAL pose 7/10 -> HOLD
2026-02-10 20:56:24,731 | INFO | [TASK1] INITIAL pose 8/10 -> RAMP
2026-02-10 20:56:25,778 | INFO | [TASK1] INITIAL pose 8/10 -> HOLD
2026-02-10 20:56:25,845 | INFO | [TASK1] INITIAL pose 9/10 -> RAMP
2026-02-10 20:56:26,905 | INFO | [TASK1] INITIAL pose 9/10 -> HOLD
2026-02-10 20:56:26,969 | INFO | [TASK1] INITIAL pose 10/10 -> RAMP
2026-02-10 20:56:28,006 | INFO | [TASK1] INITIAL pose 10/10 -> HOLD
2026-02-10 20:56:28,071 | INFO | [TASK1] INITIAL sequence DONE
2026-02-10 20:56:32,644 | INFO | [YOLO] TRIGGER ✅ info={'ratio': 0.16406054158811076, 'mask_area': 934584.0, 'hit_count': 30, 'hold_frames': 30, 'triggered': True}
2026-02-10 20:56:32,644 | INFO | [TASK1] interrupt_to_return requested
2026-02-10 20:56:32,645 | INFO | [TASK1] RETURN pose 1/11 -> RAMP
2026-02-10 20:56:33,698 | INFO | [TASK1] RETURN pose 1/11 -> HOLD
2026-02-10 20:56:33,789 | INFO | [TASK1] RETURN pose 2/11 -> RAMP
2026-02-10 20:56:34,830 | INFO | [TASK1] RETURN pose 2/11 -> HOLD
2026-02-10 20:56:34,914 | INFO | [TASK1] RETURN pose 3/11 -> RAMP
2026-02-10 20:56:37,923 | INFO | [TASK1] RETURN pose 3/11 -> HOLD
2026-02-10 20:56:38,009 | INFO | [TASK1] RETURN pose 4/11 -> RAMP
2026-02-10 20:56:39,075 | INFO | [TASK1] RETURN pose 4/11 -> HOLD
2026-02-10 20:56:39,166 | INFO | [TASK1] RETURN pose 5/11 -> RAMP
2026-02-10 20:56:40,227 | INFO | [TASK1] RETURN pose 5/11 -> HOLD
2026-02-10 20:56:40,319 | INFO | [TASK1] RETURN pose 6/11 -> RAMP
2026-02-10 20:56:41,388 | INFO | [TASK1] RETURN pose 6/11 -> HOLD
2026-02-10 20:56:41,484 | INFO | [TASK1] RETURN pose 7/11 -> RAMP
2026-02-10 20:56:42,538 | INFO | [TASK1] RETURN pose 7/11 -> HOLD
2026-02-10 20:56:42,624 | INFO | [TASK1] RETURN pose 8/11 -> RAMP
2026-02-10 20:56:43,660 | INFO | [TASK1] RETURN pose 8/11 -> HOLD
2026-02-10 20:56:43,750 | INFO | [TASK1] RETURN pose 9/11 -> RAMP
2026-02-10 20:56:44,822 | INFO | [TASK1] RETURN pose 9/11 -> HOLD
2026-02-10 20:56:44,913 | INFO | [TASK1] RETURN pose 10/11 -> RAMP
2026-02-10 20:56:45,976 | INFO | [TASK1] RETURN pose 10/11 -> HOLD
2026-02-10 20:56:46,056 | INFO | [TASK1] RETURN pose 11/11 -> RAMP
2026-02-10 20:56:47,103 | INFO | [TASK1] RETURN pose 11/11 -> HOLD
2026-02-10 20:56:47,192 | INFO | [TASK1] RETURN sequence DONE
2026-02-10 20:56:47,211 | INFO | [STAGE1] Task1 RETURN done -> Stage2(GRU wait)
2026-02-10 20:56:47,212 | INFO | [BASE_POSE] ramp start: duration_s=1.000
2026-02-10 20:56:47,213 | INFO | [BASE_POSE] enabled
2026-02-10 20:56:48,243 | INFO | [BASE_POSE] ramp done -> hold target
2026-02-10 20:56:53,403 | INFO | [STOP] requested during vision stage -> safe exit
2026-02-10 20:56:53,403 | INFO | [BASE_POSE] enabled
2026-02-10 20:56:55,967 | INFO | [BASE_POSE] target set (6 keys)
2026-02-10 20:56:55,968 | INFO | [BASE_POSE] enabled
2026-02-10 20:56:56,769 | INFO | [SAFE] base pose hold sent
2026-02-10 20:56:56,769 | INFO | [KEY] KeyWatcher stopped
2026-02-10 20:56:57,289 | INFO | OpenCVCamera(2) disconnected.
2026-02-10 20:56:57,429 | INFO | OpenCVCamera(6) disconnected.
2026-02-10 20:56:57,531 | INFO | OpenCVCamera(4) disconnected.
2026-02-10 20:56:57,665 | INFO | OpenCVCamera(0) disconnected.
2026-02-10 20:56:57,665 | INFO | my_awesome_follower_arm SO101Follower disconnected.
