2026-02-10 20:17:39,600 | INFO | ==================================================
2026-02-10 20:17:39,600 | INFO | [main_runtime] logging started
2026-02-10 20:17:39,600 | INFO | log_file=/home/user/Panbot/logs/main_runtime_20260210_201739.log
2026-02-10 20:17:39,600 | INFO | ==================================================
2026-02-10 20:17:39,600 | INFO | [CFG] loaded: /home/user/Panbot/config/runtime.yaml
2026-02-10 20:17:39,601 | INFO | [KEY] KeyWatcher started (ESC=stop, q=preview off)
2026-02-10 20:17:39,602 | INFO | [ROBOT] connect...
2026-02-10 20:17:41,043 | INFO | OpenCVCamera(2) connected.
2026-02-10 20:17:42,394 | INFO | OpenCVCamera(6) connected.
2026-02-10 20:17:43,748 | INFO | OpenCVCamera(4) connected.
2026-02-10 20:17:45,117 | INFO | OpenCVCamera(0) connected.
2026-02-10 20:17:45,159 | INFO | my_awesome_follower_arm SO101Follower connected.
2026-02-10 20:17:45,160 | INFO | [BASE_POSE] target set (6 keys)
2026-02-10 20:17:45,160 | INFO | [BASE_POSE] enabled
2026-02-10 20:17:45,160 | INFO | [VISION] open camera...
2026-02-10 20:17:45,565 | INFO | [STAGE1] start Task1 INITIAL + YOLO trigger
2026-02-10 20:17:45,565 | INFO | [BASE_POSE] disabled
2026-02-10 20:17:45,578 | INFO | [TASK1] INITIAL pose 1/11 -> RAMP
2026-02-10 20:17:45,578 | INFO | [TASK1] start_initial (stepper)
2026-02-10 20:17:50,625 | INFO | [TASK1] INITIAL pose 1/11 -> HOLD
2026-02-10 20:17:50,688 | INFO | [TASK1] INITIAL pose 2/11 -> RAMP
2026-02-10 20:17:51,715 | INFO | [TASK1] INITIAL pose 2/11 -> HOLD
2026-02-10 20:17:51,779 | INFO | [TASK1] INITIAL pose 3/11 -> RAMP
2026-02-10 20:17:52,812 | INFO | [TASK1] INITIAL pose 3/11 -> HOLD
2026-02-10 20:17:52,877 | INFO | [TASK1] INITIAL pose 4/11 -> RAMP
2026-02-10 20:17:53,907 | INFO | [TASK1] INITIAL pose 4/11 -> HOLD
2026-02-10 20:17:53,974 | INFO | [TASK1] INITIAL pose 5/11 -> RAMP
2026-02-10 20:17:55,015 | INFO | [TASK1] INITIAL pose 5/11 -> HOLD
2026-02-10 20:17:55,076 | INFO | [TASK1] INITIAL pose 6/11 -> RAMP
2026-02-10 20:17:56,102 | INFO | [TASK1] INITIAL pose 6/11 -> HOLD
2026-02-10 20:17:56,168 | INFO | [TASK1] INITIAL pose 7/11 -> RAMP
2026-02-10 20:17:57,198 | INFO | [TASK1] INITIAL pose 7/11 -> HOLD
2026-02-10 20:17:57,259 | INFO | [TASK1] INITIAL pose 8/11 -> RAMP
2026-02-10 20:17:58,276 | INFO | [TASK1] INITIAL pose 8/11 -> HOLD
2026-02-10 20:17:58,348 | INFO | [TASK1] INITIAL pose 9/11 -> RAMP
2026-02-10 20:17:59,379 | INFO | [TASK1] INITIAL pose 9/11 -> HOLD
2026-02-10 20:17:59,449 | INFO | [TASK1] INITIAL pose 10/11 -> RAMP
2026-02-10 20:18:00,463 | INFO | [TASK1] INITIAL pose 10/11 -> HOLD
2026-02-10 20:18:00,530 | INFO | [TASK1] INITIAL pose 11/11 -> RAMP
2026-02-10 20:18:01,571 | INFO | [TASK1] INITIAL pose 11/11 -> HOLD
2026-02-10 20:18:01,626 | INFO | [TASK1] INITIAL sequence DONE
2026-02-10 20:18:36,255 | INFO | [YOLO] TRIGGER ✅ info={'ratio': 0.6571951943095682, 'mask_area': 3743765.0, 'hit_count': 30, 'hold_frames': 30, 'triggered': True}
2026-02-10 20:18:36,255 | INFO | [TASK1] interrupt_to_return requested
2026-02-10 20:18:36,256 | INFO | [TASK1] RETURN pose 1/11 -> RAMP
2026-02-10 20:18:37,295 | INFO | [TASK1] RETURN pose 1/11 -> HOLD
2026-02-10 20:18:37,362 | INFO | [TASK1] RETURN pose 2/11 -> RAMP
2026-02-10 20:18:38,397 | INFO | [TASK1] RETURN pose 2/11 -> HOLD
2026-02-10 20:18:38,463 | INFO | [TASK1] RETURN pose 3/11 -> RAMP
2026-02-10 20:18:39,504 | INFO | [TASK1] RETURN pose 3/11 -> HOLD
2026-02-10 20:18:39,571 | INFO | [TASK1] RETURN pose 4/11 -> RAMP
2026-02-10 20:18:40,611 | INFO | [TASK1] RETURN pose 4/11 -> HOLD
2026-02-10 20:18:40,673 | INFO | [TASK1] RETURN pose 5/11 -> RAMP
2026-02-10 20:18:41,714 | INFO | [TASK1] RETURN pose 5/11 -> HOLD
2026-02-10 20:18:41,781 | INFO | [TASK1] RETURN pose 6/11 -> RAMP
2026-02-10 20:18:42,810 | INFO | [TASK1] RETURN pose 6/11 -> HOLD
2026-02-10 20:18:42,878 | INFO | [TASK1] RETURN pose 7/11 -> RAMP
2026-02-10 20:18:43,932 | INFO | [TASK1] RETURN pose 7/11 -> HOLD
2026-02-10 20:18:43,992 | INFO | [TASK1] RETURN pose 8/11 -> RAMP
2026-02-10 20:18:45,031 | INFO | [TASK1] RETURN pose 8/11 -> HOLD
2026-02-10 20:18:45,106 | INFO | [TASK1] RETURN pose 9/11 -> RAMP
2026-02-10 20:18:46,157 | INFO | [TASK1] RETURN pose 9/11 -> HOLD
2026-02-10 20:18:46,224 | INFO | [TASK1] RETURN pose 10/11 -> RAMP
2026-02-10 20:18:47,229 | INFO | [TASK1] RETURN pose 10/11 -> HOLD
2026-02-10 20:18:47,294 | INFO | [TASK1] RETURN pose 11/11 -> RAMP
2026-02-10 20:18:48,300 | INFO | [TASK1] RETURN pose 11/11 -> HOLD
2026-02-10 20:18:48,367 | INFO | [TASK1] RETURN sequence DONE
2026-02-10 20:18:48,385 | INFO | [STAGE1] Task1 RETURN done -> Stage2(GRU wait)
2026-02-10 20:18:48,386 | INFO | [BASE_POSE] ramp start: duration_s=1.000
2026-02-10 20:18:48,386 | INFO | [BASE_POSE] enabled
2026-02-10 20:18:49,433 | INFO | [BASE_POSE] ramp done -> hold target
2026-02-10 20:19:34,861 | INFO | [STOP] requested during vision stage -> safe exit
2026-02-10 20:19:34,861 | INFO | [BASE_POSE] enabled
2026-02-10 20:19:37,435 | INFO | [BASE_POSE] target set (6 keys)
2026-02-10 20:19:37,435 | INFO | [BASE_POSE] enabled
2026-02-10 20:19:38,243 | INFO | [SAFE] base pose hold sent
2026-02-10 20:19:38,243 | INFO | [KEY] KeyWatcher stopped
2026-02-10 20:19:38,867 | INFO | OpenCVCamera(2) disconnected.
2026-02-10 20:19:38,960 | INFO | OpenCVCamera(6) disconnected.
2026-02-10 20:19:39,089 | INFO | OpenCVCamera(4) disconnected.
2026-02-10 20:19:39,189 | INFO | OpenCVCamera(0) disconnected.
2026-02-10 20:19:39,189 | INFO | my_awesome_follower_arm SO101Follower disconnected.
