2026-02-10 20:48:54,571 | INFO | ==================================================
2026-02-10 20:48:54,571 | INFO | [main_runtime] logging started
2026-02-10 20:48:54,571 | INFO | log_file=/home/user/Panbot/logs/main_runtime_20260210_204854.log
2026-02-10 20:48:54,572 | INFO | ==================================================
2026-02-10 20:48:54,572 | INFO | [CFG] loaded: /home/user/Panbot/config/runtime.yaml
2026-02-10 20:48:54,572 | INFO | [KEY] KeyWatcher started (ESC=stop, q=preview off)
2026-02-10 20:48:54,574 | INFO | [ROBOT] connect...
2026-02-10 20:48:56,018 | INFO | OpenCVCamera(2) connected.
2026-02-10 20:48:57,368 | INFO | OpenCVCamera(6) connected.
2026-02-10 20:48:58,726 | INFO | OpenCVCamera(4) connected.
2026-02-10 20:49:00,078 | INFO | OpenCVCamera(0) connected.
2026-02-10 20:49:00,135 | INFO | my_awesome_follower_arm SO101Follower connected.
2026-02-10 20:49:00,136 | INFO | [BASE_POSE] target set (6 keys)
2026-02-10 20:49:00,136 | INFO | [BASE_POSE] enabled
2026-02-10 20:49:00,136 | INFO | [VISION] open camera...
2026-02-10 20:49:00,577 | INFO | [STAGE1] start Task1 INITIAL + YOLO trigger
2026-02-10 20:49:00,577 | INFO | [BASE_POSE] disabled
2026-02-10 20:49:00,584 | INFO | [TASK1] INITIAL pose 1/10 -> RAMP
2026-02-10 20:49:00,584 | INFO | [TASK1] start_initial (stepper)
2026-02-10 20:49:05,598 | INFO | [TASK1] INITIAL pose 1/10 -> HOLD
2026-02-10 20:49:05,661 | INFO | [TASK1] INITIAL pose 2/10 -> RAMP
2026-02-10 20:49:06,663 | INFO | [TASK1] INITIAL pose 2/10 -> HOLD
2026-02-10 20:49:06,725 | INFO | [TASK1] INITIAL pose 3/10 -> RAMP
2026-02-10 20:49:07,735 | INFO | [TASK1] INITIAL pose 3/10 -> HOLD
2026-02-10 20:49:07,795 | INFO | [TASK1] INITIAL pose 4/10 -> RAMP
2026-02-10 20:49:08,840 | INFO | [TASK1] INITIAL pose 4/10 -> HOLD
2026-02-10 20:49:08,914 | INFO | [TASK1] INITIAL pose 5/10 -> RAMP
2026-02-10 20:49:09,933 | INFO | [TASK1] INITIAL pose 5/10 -> HOLD
2026-02-10 20:49:10,001 | INFO | [TASK1] INITIAL pose 6/10 -> RAMP
2026-02-10 20:49:11,038 | INFO | [TASK1] INITIAL pose 6/10 -> HOLD
2026-02-10 20:49:11,106 | INFO | [TASK1] INITIAL pose 7/10 -> RAMP
2026-02-10 20:49:12,124 | INFO | [TASK1] INITIAL pose 7/10 -> HOLD
2026-02-10 20:49:12,194 | INFO | [TASK1] INITIAL pose 8/10 -> RAMP
2026-02-10 20:49:13,228 | INFO | [TASK1] INITIAL pose 8/10 -> HOLD
2026-02-10 20:49:13,297 | INFO | [TASK1] INITIAL pose 9/10 -> RAMP
2026-02-10 20:49:14,344 | INFO | [TASK1] INITIAL pose 9/10 -> HOLD
2026-02-10 20:49:14,408 | INFO | [TASK1] INITIAL pose 10/10 -> RAMP
2026-02-10 20:49:15,417 | INFO | [TASK1] INITIAL pose 10/10 -> HOLD
2026-02-10 20:49:15,481 | INFO | [TASK1] INITIAL sequence DONE
2026-02-10 20:51:02,628 | INFO | [YOLO] TRIGGER ✅ info={'ratio': 0.1294215125566568, 'mask_area': 737260.0, 'hit_count': 30, 'hold_frames': 30, 'triggered': True}
2026-02-10 20:51:02,635 | INFO | [TASK1] interrupt_to_return requested
2026-02-10 20:51:02,636 | INFO | [TASK1] RETURN pose 1/11 -> RAMP
2026-02-10 20:51:03,672 | INFO | [TASK1] RETURN pose 1/11 -> HOLD
2026-02-10 20:51:03,759 | INFO | [TASK1] RETURN pose 2/11 -> RAMP
2026-02-10 20:51:04,799 | INFO | [TASK1] RETURN pose 2/11 -> HOLD
2026-02-10 20:51:04,882 | INFO | [TASK1] RETURN pose 3/11 -> RAMP
2026-02-10 20:51:07,943 | INFO | [TASK1] RETURN pose 3/11 -> HOLD
2026-02-10 20:51:08,026 | INFO | [TASK1] RETURN pose 4/11 -> RAMP
2026-02-10 20:51:09,043 | INFO | [TASK1] RETURN pose 4/11 -> HOLD
2026-02-10 20:51:09,138 | INFO | [TASK1] RETURN pose 5/11 -> RAMP
2026-02-10 20:51:10,173 | INFO | [TASK1] RETURN pose 5/11 -> HOLD
2026-02-10 20:51:10,259 | INFO | [TASK1] RETURN pose 6/11 -> RAMP
2026-02-10 20:51:11,321 | INFO | [TASK1] RETURN pose 6/11 -> HOLD
2026-02-10 20:51:11,407 | INFO | [TASK1] RETURN pose 7/11 -> RAMP
2026-02-10 20:51:12,432 | INFO | [TASK1] RETURN pose 7/11 -> HOLD
2026-02-10 20:51:12,523 | INFO | [TASK1] RETURN pose 8/11 -> RAMP
2026-02-10 20:51:13,533 | INFO | [TASK1] RETURN pose 8/11 -> HOLD
2026-02-10 20:51:13,622 | INFO | [TASK1] RETURN pose 9/11 -> RAMP
2026-02-10 20:51:14,630 | INFO | [TASK1] RETURN pose 9/11 -> HOLD
2026-02-10 20:51:14,711 | INFO | [TASK1] RETURN pose 10/11 -> RAMP
2026-02-10 20:51:15,746 | INFO | [TASK1] RETURN pose 10/11 -> HOLD
2026-02-10 20:51:15,835 | INFO | [TASK1] RETURN pose 11/11 -> RAMP
2026-02-10 20:51:16,891 | INFO | [TASK1] RETURN pose 11/11 -> HOLD
2026-02-10 20:51:16,979 | INFO | [TASK1] RETURN sequence DONE
2026-02-10 20:51:17,004 | INFO | [STAGE1] Task1 RETURN done -> Stage2(GRU wait)
2026-02-10 20:51:17,005 | INFO | [BASE_POSE] ramp start: duration_s=1.000
2026-02-10 20:51:17,006 | INFO | [BASE_POSE] enabled
2026-02-10 20:51:18,017 | INFO | [BASE_POSE] ramp done -> hold target
2026-02-10 20:51:48,313 | INFO | [STOP] requested during vision stage -> safe exit
2026-02-10 20:51:48,313 | INFO | [BASE_POSE] enabled
2026-02-10 20:51:50,884 | INFO | [BASE_POSE] target set (6 keys)
2026-02-10 20:51:50,885 | INFO | [BASE_POSE] enabled
2026-02-10 20:51:51,691 | INFO | [SAFE] base pose hold sent
2026-02-10 20:51:51,691 | INFO | [KEY] KeyWatcher stopped
2026-02-10 20:51:52,264 | INFO | OpenCVCamera(2) disconnected.
2026-02-10 20:51:52,354 | INFO | OpenCVCamera(6) disconnected.
2026-02-10 20:51:52,453 | INFO | OpenCVCamera(4) disconnected.
2026-02-10 20:51:52,546 | INFO | OpenCVCamera(0) disconnected.
2026-02-10 20:51:52,546 | INFO | my_awesome_follower_arm SO101Follower disconnected.
