2026-02-10 20:59:23,101 | INFO | ==================================================
2026-02-10 20:59:23,101 | INFO | [main_runtime] logging started
2026-02-10 20:59:23,101 | INFO | log_file=/home/user/Panbot/logs/main_runtime_20260210_205923.log
2026-02-10 20:59:23,101 | INFO | ==================================================
2026-02-10 20:59:23,101 | INFO | [CFG] loaded: /home/user/Panbot/config/runtime.yaml
2026-02-10 20:59:23,101 | INFO | [KEY] KeyWatcher started (ESC=stop, q=preview off)
2026-02-10 20:59:23,103 | INFO | [ROBOT] connect...
2026-02-10 20:59:24,559 | INFO | OpenCVCamera(2) connected.
2026-02-10 20:59:25,913 | INFO | OpenCVCamera(6) connected.
2026-02-10 20:59:27,259 | INFO | OpenCVCamera(4) connected.
2026-02-10 20:59:28,612 | INFO | OpenCVCamera(0) connected.
2026-02-10 20:59:28,655 | INFO | my_awesome_follower_arm SO101Follower connected.
2026-02-10 20:59:28,655 | INFO | [BASE_POSE] target set (6 keys)
2026-02-10 20:59:28,656 | INFO | [BASE_POSE] enabled
2026-02-10 20:59:28,656 | INFO | [VISION] open camera...
2026-02-10 20:59:29,079 | INFO | [STAGE1] start Task1 INITIAL + YOLO trigger
2026-02-10 20:59:29,079 | INFO | [BASE_POSE] disabled
2026-02-10 20:59:29,092 | INFO | [TASK1] INITIAL pose 1/10 -> RAMP
2026-02-10 20:59:29,092 | INFO | [TASK1] start_initial (stepper)
2026-02-10 20:59:33,091 | INFO | [YOLO] TRIGGER ✅ info={'ratio': 0.16566536413075916, 'mask_area': 943726.0, 'hit_count': 30, 'hold_frames': 30, 'triggered': True}
2026-02-10 20:59:33,091 | INFO | [TASK1] interrupt_to_return requested
2026-02-10 20:59:33,092 | INFO | [TASK1] RETURN pose 1/11 -> RAMP
2026-02-10 20:59:34,158 | INFO | [TASK1] RETURN pose 1/11 -> HOLD
2026-02-10 20:59:34,245 | INFO | [TASK1] RETURN pose 2/11 -> RAMP
2026-02-10 20:59:35,293 | INFO | [TASK1] RETURN pose 2/11 -> HOLD
2026-02-10 20:59:35,381 | INFO | [TASK1] RETURN pose 3/11 -> RAMP
2026-02-10 20:59:38,039 | INFO | [STOP] requested during vision stage -> safe exit
2026-02-10 20:59:38,039 | INFO | [BASE_POSE] enabled
2026-02-10 20:59:40,601 | INFO | [BASE_POSE] target set (6 keys)
2026-02-10 20:59:40,601 | INFO | [BASE_POSE] enabled
2026-02-10 20:59:41,405 | INFO | [SAFE] base pose hold sent
2026-02-10 20:59:41,406 | INFO | [KEY] KeyWatcher stopped
2026-02-10 20:59:41,954 | INFO | OpenCVCamera(2) disconnected.
2026-02-10 20:59:42,050 | INFO | OpenCVCamera(6) disconnected.
2026-02-10 20:59:42,168 | INFO | OpenCVCamera(4) disconnected.
2026-02-10 20:59:42,294 | INFO | OpenCVCamera(0) disconnected.
2026-02-10 20:59:42,294 | INFO | my_awesome_follower_arm SO101Follower disconnected.
