2026-02-10 16:31:43,872 | INFO | ==================================================
2026-02-10 16:31:43,872 | INFO | [main_runtime] logging started
2026-02-10 16:31:43,872 | INFO | log_file=/home/user/Panbot/logs/main_runtime_20260210_163143.log
2026-02-10 16:31:43,872 | INFO | ==================================================
2026-02-10 16:31:43,872 | INFO | [CFG] loaded: /home/user/Panbot/config/runtime.yaml
2026-02-10 16:31:43,874 | INFO | [ROBOT] connect...
2026-02-10 16:31:45,287 | INFO | OpenCVCamera(2) connected.
2026-02-10 16:31:46,628 | INFO | OpenCVCamera(6) connected.
2026-02-10 16:31:47,973 | INFO | OpenCVCamera(4) connected.
2026-02-10 16:31:49,330 | INFO | OpenCVCamera(0) connected.
2026-02-10 16:31:49,365 | INFO | my_awesome_follower_arm SO101Follower connected.
2026-02-10 16:31:49,365 | INFO | [BASE_POSE] target set (6 keys)
2026-02-10 16:31:49,365 | INFO | [BASE_POSE] enabled
2026-02-10 16:31:49,365 | INFO | [VISION] open camera...
2026-02-10 16:31:49,710 | INFO | [STAGE1] start Task1 INITIAL + YOLO trigger
2026-02-10 16:31:49,711 | INFO | [BASE_POSE] disabled
2026-02-10 16:31:49,720 | INFO | [TASK1] INITIAL pose 1/5 -> RAMP
2026-02-10 16:31:49,720 | INFO | [TASK1] start_initial (stepper)
2026-02-10 16:31:51,547 | ERROR | [FATAL] OpenCV(4.12.0) :-1: error: (-5:Bad argument) in function 'putText'
> Overload resolution failed:
>  - Argument 'thickness' is required to be an integer
>  - Argument 'thickness' is required to be an integer
Traceback (most recent call last):
  File "/home/user/Panbot/control/main_runtime.py", line 578, in main
    trig, vis, info = yolo.step(frame)
  File "/home/user/Panbot/vision/modules/yoloseg_infer.py", line 144, in step
    cv2.putText(vis, text, (10, 30), cv2.FONT_HERSHEY_SIMPLEX, 1.2, (0, 255, 255), 3.5)
cv2.error: OpenCV(4.12.0) :-1: error: (-5:Bad argument) in function 'putText'
> Overload resolution failed:
>  - Argument 'thickness' is required to be an integer
>  - Argument 'thickness' is required to be an integer

2026-02-10 16:31:51,547 | INFO | [BASE_POSE] enabled
2026-02-10 16:31:52,554 | INFO | [SAFE] best-effort base pose sent
2026-02-10 16:31:53,031 | INFO | OpenCVCamera(2) disconnected.
2026-02-10 16:31:53,178 | INFO | OpenCVCamera(6) disconnected.
2026-02-10 16:31:53,329 | INFO | OpenCVCamera(4) disconnected.
2026-02-10 16:31:53,420 | INFO | OpenCVCamera(0) disconnected.
2026-02-10 16:31:53,421 | INFO | my_awesome_follower_arm SO101Follower disconnected.
